{"C:\\Users\\admin\\Desktop\\c file\\labs(backend)\\API Voiting Platform\\BackEnd_Project_Pokhilevych-Shevchyk-Shishkovska\\app.js": {"path":"C:\\Users\\admin\\Desktop\\c file\\labs(backend)\\API Voiting Platform\\BackEnd_Project_Pokhilevych-Shevchyk-Shishkovska\\app.js","statementMap":{"0":{"start":{"line":1,"column":20},"end":{"line":1,"column":42}},"1":{"start":{"line":2,"column":16},"end":{"line":2,"column":34}},"2":{"start":{"line":3,"column":18},"end":{"line":3,"column":47}},"3":{"start":{"line":4,"column":21},"end":{"line":4,"column":45}},"4":{"start":{"line":5,"column":13},"end":{"line":5,"column":28}},"5":{"start":{"line":6,"column":21},"end":{"line":6,"column":45}},"6":{"start":{"line":7,"column":15},"end":{"line":7,"column":32}},"7":{"start":{"line":9,"column":20},"end":{"line":9,"column":45}},"8":{"start":{"line":10,"column":20},"end":{"line":10,"column":45}},"9":{"start":{"line":11,"column":20},"end":{"line":11,"column":45}},"10":{"start":{"line":12,"column":20},"end":{"line":12,"column":45}},"11":{"start":{"line":13,"column":24},"end":{"line":13,"column":53}},"12":{"start":{"line":14,"column":0},"end":{"line":14,"column":30}},"13":{"start":{"line":16,"column":12},"end":{"line":16,"column":21}},"14":{"start":{"line":18,"column":23},"end":{"line":34,"column":1}},"15":{"start":{"line":36,"column":20},"end":{"line":36,"column":48}},"16":{"start":{"line":37,"column":0},"end":{"line":37,"column":68}},"17":{"start":{"line":39,"column":0},"end":{"line":39,"column":48}},"18":{"start":{"line":40,"column":0},"end":{"line":40,"column":30}},"19":{"start":{"line":42,"column":0},"end":{"line":42,"column":23}},"20":{"start":{"line":43,"column":0},"end":{"line":43,"column":24}},"21":{"start":{"line":44,"column":0},"end":{"line":44,"column":49}},"22":{"start":{"line":45,"column":0},"end":{"line":45,"column":24}},"23":{"start":{"line":46,"column":0},"end":{"line":46,"column":56}},"24":{"start":{"line":48,"column":0},"end":{"line":48,"column":26}},"25":{"start":{"line":49,"column":0},"end":{"line":49,"column":31}},"26":{"start":{"line":50,"column":0},"end":{"line":50,"column":31}},"27":{"start":{"line":51,"column":0},"end":{"line":51,"column":31}},"28":{"start":{"line":52,"column":0},"end":{"line":52,"column":39}},"29":{"start":{"line":54,"column":0},"end":{"line":56,"column":3}},"30":{"start":{"line":55,"column":4},"end":{"line":55,"column":27}},"31":{"start":{"line":58,"column":0},"end":{"line":64,"column":3}},"32":{"start":{"line":59,"column":4},"end":{"line":59,"column":37}},"33":{"start":{"line":60,"column":4},"end":{"line":60,"column":71}},"34":{"start":{"line":62,"column":4},"end":{"line":62,"column":34}},"35":{"start":{"line":63,"column":4},"end":{"line":63,"column":24}},"36":{"start":{"line":66,"column":0},"end":{"line":66,"column":21}}},"fnMap":{"0":{"name":"(anonymous_0)","decl":{"start":{"line":54,"column":8},"end":{"line":54,"column":9}},"loc":{"start":{"line":54,"column":28},"end":{"line":56,"column":1}},"line":54},"1":{"name":"(anonymous_1)","decl":{"start":{"line":58,"column":8},"end":{"line":58,"column":9}},"loc":{"start":{"line":58,"column":34},"end":{"line":64,"column":1}},"line":58}},"branchMap":{"0":{"loc":{"start":{"line":60,"column":23},"end":{"line":60,"column":70}},"type":"cond-expr","locations":[{"start":{"line":60,"column":62},"end":{"line":60,"column":65}},{"start":{"line":60,"column":68},"end":{"line":60,"column":70}}],"line":60},"1":{"loc":{"start":{"line":62,"column":15},"end":{"line":62,"column":32}},"type":"binary-expr","locations":[{"start":{"line":62,"column":15},"end":{"line":62,"column":25}},{"start":{"line":62,"column":29},"end":{"line":62,"column":32}}],"line":62}},"s":{"0":1,"1":1,"2":1,"3":1,"4":1,"5":1,"6":1,"7":1,"8":1,"9":1,"10":1,"11":1,"12":1,"13":1,"14":1,"15":1,"16":1,"17":1,"18":1,"19":1,"20":1,"21":1,"22":1,"23":1,"24":1,"25":1,"26":1,"27":1,"28":1,"29":1,"30":0,"31":1,"32":0,"33":0,"34":0,"35":0,"36":1},"f":{"0":0,"1":0},"b":{"0":[0,0],"1":[0,0]},"_coverageSchema":"1a1c01bbd47fc00a2c39e90264f33305004495a9","hash":"d9e23fe7338d01e64e37af182e154fe4fe77a1bd"}
,"C:\\Users\\admin\\Desktop\\c file\\labs(backend)\\API Voiting Platform\\BackEnd_Project_Pokhilevych-Shevchyk-Shishkovska\\config\\db.config.js": {"path":"C:\\Users\\admin\\Desktop\\c file\\labs(backend)\\API Voiting Platform\\BackEnd_Project_Pokhilevych-Shevchyk-Shishkovska\\config\\db.config.js","statementMap":{"0":{"start":{"line":1,"column":17},"end":{"line":1,"column":36}},"1":{"start":{"line":2,"column":0},"end":{"line":2,"column":27}},"2":{"start":{"line":4,"column":0},"end":{"line":7,"column":74}},"3":{"start":{"line":6,"column":16},"end":{"line":6,"column":69}},"4":{"start":{"line":7,"column":20},"end":{"line":7,"column":72}}},"fnMap":{"0":{"name":"(anonymous_0)","decl":{"start":{"line":6,"column":10},"end":{"line":6,"column":11}},"loc":{"start":{"line":6,"column":16},"end":{"line":6,"column":69}},"line":6},"1":{"name":"(anonymous_1)","decl":{"start":{"line":7,"column":11},"end":{"line":7,"column":12}},"loc":{"start":{"line":7,"column":20},"end":{"line":7,"column":72}},"line":7}},"branchMap":{},"s":{"0":1,"1":1,"2":1,"3":1,"4":0},"f":{"0":1,"1":0},"b":{},"_coverageSchema":"1a1c01bbd47fc00a2c39e90264f33305004495a9","hash":"3f8d05bef2afd53c9da59374581a0008e40fdc56"}
,"C:\\Users\\admin\\Desktop\\c file\\labs(backend)\\API Voiting Platform\\BackEnd_Project_Pokhilevych-Shevchyk-Shishkovska\\controllers\\analytics.controller.js": {"path":"C:\\Users\\admin\\Desktop\\c file\\labs(backend)\\API Voiting Platform\\BackEnd_Project_Pokhilevych-Shevchyk-Shishkovska\\controllers\\analytics.controller.js","statementMap":{"0":{"start":{"line":11,"column":13},"end":{"line":11,"column":44}},"1":{"start":{"line":12,"column":18},"end":{"line":12,"column":54}},"2":{"start":{"line":13,"column":15},"end":{"line":13,"column":48}},"3":{"start":{"line":14,"column":14},"end":{"line":14,"column":46}},"4":{"start":{"line":24,"column":25},"end":{"line":93,"column":1}},"5":{"start":{"line":25,"column":4},"end":{"line":92,"column":5}},"6":{"start":{"line":26,"column":21},"end":{"line":26,"column":59}},"7":{"start":{"line":28,"column":8},"end":{"line":30,"column":9}},"8":{"start":{"line":29,"column":12},"end":{"line":29,"column":78}},"9":{"start":{"line":33,"column":27},"end":{"line":35,"column":37}},"10":{"start":{"line":37,"column":27},"end":{"line":37,"column":79}},"11":{"start":{"line":37,"column":57},"end":{"line":37,"column":75}},"12":{"start":{"line":38,"column":28},"end":{"line":38,"column":56}},"13":{"start":{"line":42,"column":12},"end":{"line":42,"column":84}},"14":{"start":{"line":45,"column":26},"end":{"line":52,"column":11}},"15":{"start":{"line":45,"column":56},"end":{"line":52,"column":9}},"16":{"start":{"line":55,"column":23},"end":{"line":55,"column":65}},"17":{"start":{"line":57,"column":12},"end":{"line":57,"column":66}},"18":{"start":{"line":60,"column":24},"end":{"line":62,"column":35}},"19":{"start":{"line":64,"column":25},"end":{"line":64,"column":53}},"20":{"start":{"line":66,"column":8},"end":{"line":86,"column":11}},"21":{"start":{"line":88,"column":8},"end":{"line":90,"column":9}},"22":{"start":{"line":89,"column":12},"end":{"line":89,"column":87}},"23":{"start":{"line":91,"column":8},"end":{"line":91,"column":27}},"24":{"start":{"line":102,"column":29},"end":{"line":159,"column":1}},"25":{"start":{"line":103,"column":4},"end":{"line":158,"column":5}},"26":{"start":{"line":104,"column":68},"end":{"line":109,"column":10}},"27":{"start":{"line":112,"column":29},"end":{"line":112,"column":58}},"28":{"start":{"line":115,"column":28},"end":{"line":119,"column":10}},"29":{"start":{"line":122,"column":25},"end":{"line":132,"column":9}},"30":{"start":{"line":124,"column":29},"end":{"line":124,"column":81}},"31":{"start":{"line":125,"column":16},"end":{"line":130,"column":18}},"32":{"start":{"line":135,"column":30},"end":{"line":138,"column":10}},"33":{"start":{"line":140,"column":8},"end":{"line":155,"column":11}},"34":{"start":{"line":151,"column":55},"end":{"line":154,"column":13}},"35":{"start":{"line":157,"column":8},"end":{"line":157,"column":27}},"36":{"start":{"line":167,"column":4},"end":{"line":167,"column":40}},"37":{"start":{"line":167,"column":30},"end":{"line":167,"column":40}},"38":{"start":{"line":169,"column":20},"end":{"line":169,"column":29}},"39":{"start":{"line":171,"column":4},"end":{"line":177,"column":5}},"40":{"start":{"line":172,"column":18},"end":{"line":172,"column":44}},"41":{"start":{"line":174,"column":8},"end":{"line":174,"column":30}},"42":{"start":{"line":175,"column":20},"end":{"line":175,"column":35}},"43":{"start":{"line":176,"column":8},"end":{"line":176,"column":54}},"44":{"start":{"line":179,"column":19},"end":{"line":181,"column":5}},"45":{"start":{"line":180,"column":8},"end":{"line":180,"column":33}},"46":{"start":{"line":183,"column":21},"end":{"line":183,"column":22}},"47":{"start":{"line":184,"column":4},"end":{"line":187,"column":7}},"48":{"start":{"line":185,"column":8},"end":{"line":185,"column":28}},"49":{"start":{"line":186,"column":8},"end":{"line":186,"column":43}},"50":{"start":{"line":190,"column":0},"end":{"line":193,"column":2}}},"fnMap":{"0":{"name":"(anonymous_0)","decl":{"start":{"line":24,"column":25},"end":{"line":24,"column":26}},"loc":{"start":{"line":24,"column":51},"end":{"line":93,"column":1}},"line":24},"1":{"name":"(anonymous_1)","decl":{"start":{"line":37,"column":45},"end":{"line":37,"column":46}},"loc":{"start":{"line":37,"column":57},"end":{"line":37,"column":75}},"line":37},"2":{"name":"(anonymous_2)","decl":{"start":{"line":45,"column":41},"end":{"line":45,"column":42}},"loc":{"start":{"line":45,"column":56},"end":{"line":52,"column":9}},"line":45},"3":{"name":"(anonymous_3)","decl":{"start":{"line":102,"column":29},"end":{"line":102,"column":30}},"loc":{"start":{"line":102,"column":55},"end":{"line":159,"column":1}},"line":102},"4":{"name":"(anonymous_4)","decl":{"start":{"line":123,"column":28},"end":{"line":123,"column":29}},"loc":{"start":{"line":123,"column":42},"end":{"line":131,"column":13}},"line":123},"5":{"name":"(anonymous_5)","decl":{"start":{"line":151,"column":49},"end":{"line":151,"column":50}},"loc":{"start":{"line":151,"column":55},"end":{"line":154,"column":13}},"line":151},"6":{"name":"buildHourlyTimeline","decl":{"start":{"line":166,"column":9},"end":{"line":166,"column":28}},"loc":{"start":{"line":166,"column":38},"end":{"line":188,"column":1}},"line":166},"7":{"name":"(anonymous_7)","decl":{"start":{"line":179,"column":54},"end":{"line":179,"column":55}},"loc":{"start":{"line":180,"column":8},"end":{"line":180,"column":33}},"line":180},"8":{"name":"(anonymous_8)","decl":{"start":{"line":184,"column":22},"end":{"line":184,"column":23}},"loc":{"start":{"line":184,"column":41},"end":{"line":187,"column":5}},"line":184}},"branchMap":{"0":{"loc":{"start":{"line":28,"column":8},"end":{"line":30,"column":9}},"type":"if","locations":[{"start":{"line":28,"column":8},"end":{"line":30,"column":9}},{"start":{},"end":{}}],"line":28},"1":{"loc":{"start":{"line":42,"column":12},"end":{"line":42,"column":84}},"type":"cond-expr","locations":[{"start":{"line":42,"column":30},"end":{"line":42,"column":75}},{"start":{"line":42,"column":78},"end":{"line":42,"column":84}}],"line":42},"2":{"loc":{"start":{"line":48,"column":19},"end":{"line":48,"column":33}},"type":"binary-expr","locations":[{"start":{"line":48,"column":19},"end":{"line":48,"column":26}},{"start":{"line":48,"column":30},"end":{"line":48,"column":33}}],"line":48},"3":{"loc":{"start":{"line":51,"column":16},"end":{"line":51,"column":95}},"type":"cond-expr","locations":[{"start":{"line":51,"column":33},"end":{"line":51,"column":85}},{"start":{"line":51,"column":88},"end":{"line":51,"column":95}}],"line":51},"4":{"loc":{"start":{"line":55,"column":23},"end":{"line":55,"column":65}},"type":"cond-expr","locations":[{"start":{"line":55,"column":46},"end":{"line":55,"column":58}},{"start":{"line":55,"column":61},"end":{"line":55,"column":65}}],"line":55},"5":{"loc":{"start":{"line":57,"column":12},"end":{"line":57,"column":66}},"type":"binary-expr","locations":[{"start":{"line":57,"column":12},"end":{"line":57,"column":36}},{"start":{"line":57,"column":40},"end":{"line":57,"column":46}},{"start":{"line":57,"column":50},"end":{"line":57,"column":66}}],"line":57},"6":{"loc":{"start":{"line":71,"column":26},"end":{"line":71,"column":47}},"type":"binary-expr","locations":[{"start":{"line":71,"column":26},"end":{"line":71,"column":39}},{"start":{"line":71,"column":43},"end":{"line":71,"column":47}}],"line":71},"7":{"loc":{"start":{"line":78,"column":20},"end":{"line":82,"column":38}},"type":"cond-expr","locations":[{"start":{"line":79,"column":22},"end":{"line":79,"column":128}},{"start":{"line":80,"column":22},"end":{"line":82,"column":38}}],"line":78},"8":{"loc":{"start":{"line":80,"column":22},"end":{"line":82,"column":38}},"type":"cond-expr","locations":[{"start":{"line":81,"column":22},"end":{"line":81,"column":135}},{"start":{"line":82,"column":22},"end":{"line":82,"column":38}}],"line":80},"9":{"loc":{"start":{"line":80,"column":22},"end":{"line":80,"column":48}},"type":"binary-expr","locations":[{"start":{"line":80,"column":22},"end":{"line":80,"column":28}},{"start":{"line":80,"column":32},"end":{"line":80,"column":48}}],"line":80},"10":{"loc":{"start":{"line":88,"column":8},"end":{"line":90,"column":9}},"type":"if","locations":[{"start":{"line":88,"column":8},"end":{"line":90,"column":9}},{"start":{},"end":{}}],"line":88},"11":{"loc":{"start":{"line":127,"column":27},"end":{"line":127,"column":57}},"type":"cond-expr","locations":[{"start":{"line":127,"column":34},"end":{"line":127,"column":44}},{"start":{"line":127,"column":47},"end":{"line":127,"column":57}}],"line":127},"12":{"loc":{"start":{"line":128,"column":28},"end":{"line":128,"column":52}},"type":"cond-expr","locations":[{"start":{"line":128,"column":35},"end":{"line":128,"column":46}},{"start":{"line":128,"column":49},"end":{"line":128,"column":52}}],"line":128},"13":{"loc":{"start":{"line":148,"column":20},"end":{"line":148,"column":84}},"type":"cond-expr","locations":[{"start":{"line":148,"column":37},"end":{"line":148,"column":75}},{"start":{"line":148,"column":78},"end":{"line":148,"column":84}}],"line":148},"14":{"loc":{"start":{"line":152,"column":26},"end":{"line":152,"column":47}},"type":"binary-expr","locations":[{"start":{"line":152,"column":26},"end":{"line":152,"column":31}},{"start":{"line":152,"column":35},"end":{"line":152,"column":47}}],"line":152},"15":{"loc":{"start":{"line":167,"column":4},"end":{"line":167,"column":40}},"type":"if","locations":[{"start":{"line":167,"column":4},"end":{"line":167,"column":40}},{"start":{},"end":{}}],"line":167},"16":{"loc":{"start":{"line":176,"column":26},"end":{"line":176,"column":47}},"type":"binary-expr","locations":[{"start":{"line":176,"column":26},"end":{"line":176,"column":42}},{"start":{"line":176,"column":46},"end":{"line":176,"column":47}}],"line":176}},"s":{"0":1,"1":1,"2":1,"3":1,"4":1,"5":0,"6":0,"7":0,"8":0,"9":0,"10":0,"11":0,"12":0,"13":0,"14":0,"15":0,"16":0,"17":0,"18":0,"19":0,"20":0,"21":0,"22":0,"23":0,"24":1,"25":0,"26":0,"27":0,"28":0,"29":0,"30":0,"31":0,"32":0,"33":0,"34":0,"35":0,"36":0,"37":0,"38":0,"39":0,"40":0,"41":0,"42":0,"43":0,"44":0,"45":0,"46":0,"47":0,"48":0,"49":0,"50":1},"f":{"0":0,"1":0,"2":0,"3":0,"4":0,"5":0,"6":0,"7":0,"8":0},"b":{"0":[0,0],"1":[0,0],"2":[0,0],"3":[0,0],"4":[0,0],"5":[0,0,0],"6":[0,0],"7":[0,0],"8":[0,0],"9":[0,0],"10":[0,0],"11":[0,0],"12":[0,0],"13":[0,0],"14":[0,0],"15":[0,0],"16":[0,0]},"_coverageSchema":"1a1c01bbd47fc00a2c39e90264f33305004495a9","hash":"e731634cdb564a02ff636e90754933ac55efdaa0"}
,"C:\\Users\\admin\\Desktop\\c file\\labs(backend)\\API Voiting Platform\\BackEnd_Project_Pokhilevych-Shevchyk-Shishkovska\\controllers\\polls.controller.js": {"path":"C:\\Users\\admin\\Desktop\\c file\\labs(backend)\\API Voiting Platform\\BackEnd_Project_Pokhilevych-Shevchyk-Shishkovska\\controllers\\polls.controller.js","statementMap":{"0":{"start":{"line":1,"column":13},"end":{"line":1,"column":44}},"1":{"start":{"line":2,"column":18},"end":{"line":2,"column":54}},"2":{"start":{"line":3,"column":15},"end":{"line":3,"column":48}},"3":{"start":{"line":11,"column":4},"end":{"line":11,"column":38}},"4":{"start":{"line":13,"column":19},"end":{"line":68,"column":1}},"5":{"start":{"line":14,"column":4},"end":{"line":67,"column":5}},"6":{"start":{"line":15,"column":61},"end":{"line":15,"column":69}},"7":{"start":{"line":17,"column":32},"end":{"line":17,"column":56}},"8":{"start":{"line":18,"column":8},"end":{"line":20,"column":9}},"9":{"start":{"line":19,"column":12},"end":{"line":19,"column":74}},"10":{"start":{"line":22,"column":35},"end":{"line":22,"column":65}},"11":{"start":{"line":23,"column":8},"end":{"line":25,"column":9}},"12":{"start":{"line":24,"column":12},"end":{"line":24,"column":77}},"13":{"start":{"line":27,"column":25},"end":{"line":27,"column":68}},"14":{"start":{"line":28,"column":8},"end":{"line":32,"column":9}},"15":{"start":{"line":29,"column":12},"end":{"line":31,"column":15}},"16":{"start":{"line":34,"column":8},"end":{"line":39,"column":9}},"17":{"start":{"line":35,"column":41},"end":{"line":35,"column":75}},"18":{"start":{"line":36,"column":12},"end":{"line":38,"column":13}},"19":{"start":{"line":37,"column":16},"end":{"line":37,"column":83}},"20":{"start":{"line":41,"column":21},"end":{"line":46,"column":10}},"21":{"start":{"line":48,"column":32},"end":{"line":48,"column":34}},"22":{"start":{"line":50,"column":8},"end":{"line":58,"column":9}},"23":{"start":{"line":51,"column":35},"end":{"line":56,"column":15}},"24":{"start":{"line":51,"column":56},"end":{"line":56,"column":13}},"25":{"start":{"line":57,"column":12},"end":{"line":57,"column":75}},"26":{"start":{"line":60,"column":8},"end":{"line":64,"column":11}},"27":{"start":{"line":66,"column":8},"end":{"line":66,"column":20}},"28":{"start":{"line":70,"column":20},"end":{"line":98,"column":1}},"29":{"start":{"line":71,"column":4},"end":{"line":97,"column":5}},"30":{"start":{"line":72,"column":37},"end":{"line":72,"column":46}},"31":{"start":{"line":74,"column":23},"end":{"line":74,"column":25}},"32":{"start":{"line":76,"column":8},"end":{"line":82,"column":9}},"33":{"start":{"line":77,"column":37},"end":{"line":77,"column":65}},"34":{"start":{"line":78,"column":12},"end":{"line":80,"column":13}},"35":{"start":{"line":79,"column":16},"end":{"line":79,"column":79}},"36":{"start":{"line":81,"column":12},"end":{"line":81,"column":35}},"37":{"start":{"line":84,"column":8},"end":{"line":90,"column":9}},"38":{"start":{"line":85,"column":39},"end":{"line":85,"column":71}},"39":{"start":{"line":86,"column":12},"end":{"line":88,"column":13}},"40":{"start":{"line":87,"column":16},"end":{"line":87,"column":81}},"41":{"start":{"line":89,"column":12},"end":{"line":89,"column":39}},"42":{"start":{"line":92,"column":22},"end":{"line":92,"column":69}},"43":{"start":{"line":94,"column":8},"end":{"line":94,"column":43}},"44":{"start":{"line":96,"column":8},"end":{"line":96,"column":20}},"45":{"start":{"line":100,"column":20},"end":{"line":117,"column":1}},"46":{"start":{"line":101,"column":4},"end":{"line":116,"column":5}},"47":{"start":{"line":102,"column":21},"end":{"line":102,"column":59}},"48":{"start":{"line":104,"column":8},"end":{"line":106,"column":9}},"49":{"start":{"line":105,"column":12},"end":{"line":105,"column":78}},"50":{"start":{"line":108,"column":27},"end":{"line":108,"column":99}},"51":{"start":{"line":110,"column":8},"end":{"line":110,"column":58}},"52":{"start":{"line":112,"column":8},"end":{"line":114,"column":9}},"53":{"start":{"line":113,"column":12},"end":{"line":113,"column":87}},"54":{"start":{"line":115,"column":8},"end":{"line":115,"column":20}},"55":{"start":{"line":119,"column":21},"end":{"line":169,"column":1}},"56":{"start":{"line":120,"column":4},"end":{"line":168,"column":5}},"57":{"start":{"line":121,"column":27},"end":{"line":121,"column":37}},"58":{"start":{"line":122,"column":32},"end":{"line":122,"column":40}},"59":{"start":{"line":124,"column":31},"end":{"line":124,"column":58}},"60":{"start":{"line":125,"column":8},"end":{"line":127,"column":9}},"61":{"start":{"line":126,"column":12},"end":{"line":126,"column":73}},"62":{"start":{"line":129,"column":21},"end":{"line":129,"column":48}},"63":{"start":{"line":131,"column":8},"end":{"line":133,"column":9}},"64":{"start":{"line":132,"column":12},"end":{"line":132,"column":78}},"65":{"start":{"line":135,"column":8},"end":{"line":139,"column":9}},"66":{"start":{"line":136,"column":12},"end":{"line":138,"column":15}},"67":{"start":{"line":141,"column":26},"end":{"line":144,"column":10}},"68":{"start":{"line":146,"column":8},"end":{"line":150,"column":9}},"69":{"start":{"line":147,"column":12},"end":{"line":149,"column":15}},"70":{"start":{"line":152,"column":26},"end":{"line":157,"column":10}},"71":{"start":{"line":159,"column":8},"end":{"line":162,"column":11}},"72":{"start":{"line":164,"column":8},"end":{"line":166,"column":9}},"73":{"start":{"line":165,"column":12},"end":{"line":165,"column":76}},"74":{"start":{"line":167,"column":8},"end":{"line":167,"column":20}},"75":{"start":{"line":171,"column":18},"end":{"line":196,"column":1}},"76":{"start":{"line":172,"column":4},"end":{"line":195,"column":5}},"77":{"start":{"line":173,"column":21},"end":{"line":173,"column":59}},"78":{"start":{"line":175,"column":8},"end":{"line":177,"column":9}},"79":{"start":{"line":176,"column":12},"end":{"line":176,"column":78}},"80":{"start":{"line":179,"column":8},"end":{"line":181,"column":9}},"81":{"start":{"line":180,"column":12},"end":{"line":180,"column":78}},"82":{"start":{"line":183,"column":8},"end":{"line":183,"column":31}},"83":{"start":{"line":184,"column":8},"end":{"line":184,"column":26}},"84":{"start":{"line":186,"column":8},"end":{"line":189,"column":11}},"85":{"start":{"line":191,"column":8},"end":{"line":193,"column":9}},"86":{"start":{"line":192,"column":12},"end":{"line":192,"column":87}},"87":{"start":{"line":194,"column":8},"end":{"line":194,"column":20}},"88":{"start":{"line":198,"column":19},"end":{"line":231,"column":1}},"89":{"start":{"line":199,"column":4},"end":{"line":230,"column":5}},"90":{"start":{"line":200,"column":21},"end":{"line":200,"column":59}},"91":{"start":{"line":202,"column":8},"end":{"line":204,"column":9}},"92":{"start":{"line":203,"column":12},"end":{"line":203,"column":78}},"93":{"start":{"line":206,"column":8},"end":{"line":210,"column":9}},"94":{"start":{"line":207,"column":12},"end":{"line":209,"column":15}},"95":{"start":{"line":213,"column":29},"end":{"line":213,"column":85}},"96":{"start":{"line":214,"column":8},"end":{"line":214,"column":52}},"97":{"start":{"line":215,"column":8},"end":{"line":215,"column":55}},"98":{"start":{"line":216,"column":8},"end":{"line":216,"column":47}},"99":{"start":{"line":218,"column":8},"end":{"line":224,"column":11}},"100":{"start":{"line":226,"column":8},"end":{"line":228,"column":9}},"101":{"start":{"line":227,"column":12},"end":{"line":227,"column":87}},"102":{"start":{"line":229,"column":8},"end":{"line":229,"column":20}},"103":{"start":{"line":233,"column":0},"end":{"line":240,"column":2}}},"fnMap":{"0":{"name":"(anonymous_0)","decl":{"start":{"line":13,"column":19},"end":{"line":13,"column":20}},"loc":{"start":{"line":13,"column":45},"end":{"line":68,"column":1}},"line":13},"1":{"name":"(anonymous_1)","decl":{"start":{"line":51,"column":50},"end":{"line":51,"column":51}},"loc":{"start":{"line":51,"column":56},"end":{"line":56,"column":13}},"line":51},"2":{"name":"(anonymous_2)","decl":{"start":{"line":70,"column":20},"end":{"line":70,"column":21}},"loc":{"start":{"line":70,"column":46},"end":{"line":98,"column":1}},"line":70},"3":{"name":"(anonymous_3)","decl":{"start":{"line":100,"column":20},"end":{"line":100,"column":21}},"loc":{"start":{"line":100,"column":46},"end":{"line":117,"column":1}},"line":100},"4":{"name":"(anonymous_4)","decl":{"start":{"line":119,"column":21},"end":{"line":119,"column":22}},"loc":{"start":{"line":119,"column":47},"end":{"line":169,"column":1}},"line":119},"5":{"name":"(anonymous_5)","decl":{"start":{"line":171,"column":18},"end":{"line":171,"column":19}},"loc":{"start":{"line":171,"column":44},"end":{"line":196,"column":1}},"line":171},"6":{"name":"(anonymous_6)","decl":{"start":{"line":198,"column":19},"end":{"line":198,"column":20}},"loc":{"start":{"line":198,"column":45},"end":{"line":231,"column":1}},"line":198}},"branchMap":{"0":{"loc":{"start":{"line":18,"column":8},"end":{"line":20,"column":9}},"type":"if","locations":[{"start":{"line":18,"column":8},"end":{"line":20,"column":9}},{"start":{},"end":{}}],"line":18},"1":{"loc":{"start":{"line":23,"column":8},"end":{"line":25,"column":9}},"type":"if","locations":[{"start":{"line":23,"column":8},"end":{"line":25,"column":9}},{"start":{},"end":{}}],"line":23},"2":{"loc":{"start":{"line":28,"column":8},"end":{"line":32,"column":9}},"type":"if","locations":[{"start":{"line":28,"column":8},"end":{"line":32,"column":9}},{"start":{},"end":{}}],"line":28},"3":{"loc":{"start":{"line":34,"column":8},"end":{"line":39,"column":9}},"type":"if","locations":[{"start":{"line":34,"column":8},"end":{"line":39,"column":9}},{"start":{},"end":{}}],"line":34},"4":{"loc":{"start":{"line":36,"column":12},"end":{"line":38,"column":13}},"type":"if","locations":[{"start":{"line":36,"column":12},"end":{"line":38,"column":13}},{"start":{},"end":{}}],"line":36},"5":{"loc":{"start":{"line":44,"column":25},"end":{"line":44,"column":69}},"type":"cond-expr","locations":[{"start":{"line":44,"column":39},"end":{"line":44,"column":57}},{"start":{"line":44,"column":60},"end":{"line":44,"column":69}}],"line":44},"6":{"loc":{"start":{"line":50,"column":8},"end":{"line":58,"column":9}},"type":"if","locations":[{"start":{"line":50,"column":8},"end":{"line":58,"column":9}},{"start":{},"end":{}}],"line":50},"7":{"loc":{"start":{"line":50,"column":12},"end":{"line":50,"column":47}},"type":"binary-expr","locations":[{"start":{"line":50,"column":12},"end":{"line":50,"column":22}},{"start":{"line":50,"column":26},"end":{"line":50,"column":47}}],"line":50},"8":{"loc":{"start":{"line":53,"column":23},"end":{"line":53,"column":59}},"type":"cond-expr","locations":[{"start":{"line":53,"column":33},"end":{"line":53,"column":47}},{"start":{"line":53,"column":50},"end":{"line":53,"column":59}}],"line":53},"9":{"loc":{"start":{"line":76,"column":8},"end":{"line":82,"column":9}},"type":"if","locations":[{"start":{"line":76,"column":8},"end":{"line":82,"column":9}},{"start":{},"end":{}}],"line":76},"10":{"loc":{"start":{"line":78,"column":12},"end":{"line":80,"column":13}},"type":"if","locations":[{"start":{"line":78,"column":12},"end":{"line":80,"column":13}},{"start":{},"end":{}}],"line":78},"11":{"loc":{"start":{"line":84,"column":8},"end":{"line":90,"column":9}},"type":"if","locations":[{"start":{"line":84,"column":8},"end":{"line":90,"column":9}},{"start":{},"end":{}}],"line":84},"12":{"loc":{"start":{"line":86,"column":12},"end":{"line":88,"column":13}},"type":"if","locations":[{"start":{"line":86,"column":12},"end":{"line":88,"column":13}},{"start":{},"end":{}}],"line":86},"13":{"loc":{"start":{"line":104,"column":8},"end":{"line":106,"column":9}},"type":"if","locations":[{"start":{"line":104,"column":8},"end":{"line":106,"column":9}},{"start":{},"end":{}}],"line":104},"14":{"loc":{"start":{"line":112,"column":8},"end":{"line":114,"column":9}},"type":"if","locations":[{"start":{"line":112,"column":8},"end":{"line":114,"column":9}},{"start":{},"end":{}}],"line":112},"15":{"loc":{"start":{"line":125,"column":8},"end":{"line":127,"column":9}},"type":"if","locations":[{"start":{"line":125,"column":8},"end":{"line":127,"column":9}},{"start":{},"end":{}}],"line":125},"16":{"loc":{"start":{"line":131,"column":8},"end":{"line":133,"column":9}},"type":"if","locations":[{"start":{"line":131,"column":8},"end":{"line":133,"column":9}},{"start":{},"end":{}}],"line":131},"17":{"loc":{"start":{"line":135,"column":8},"end":{"line":139,"column":9}},"type":"if","locations":[{"start":{"line":135,"column":8},"end":{"line":139,"column":9}},{"start":{},"end":{}}],"line":135},"18":{"loc":{"start":{"line":146,"column":8},"end":{"line":150,"column":9}},"type":"if","locations":[{"start":{"line":146,"column":8},"end":{"line":150,"column":9}},{"start":{},"end":{}}],"line":146},"19":{"loc":{"start":{"line":154,"column":19},"end":{"line":154,"column":51}},"type":"cond-expr","locations":[{"start":{"line":154,"column":27},"end":{"line":154,"column":39}},{"start":{"line":154,"column":42},"end":{"line":154,"column":51}}],"line":154},"20":{"loc":{"start":{"line":164,"column":8},"end":{"line":166,"column":9}},"type":"if","locations":[{"start":{"line":164,"column":8},"end":{"line":166,"column":9}},{"start":{},"end":{}}],"line":164},"21":{"loc":{"start":{"line":175,"column":8},"end":{"line":177,"column":9}},"type":"if","locations":[{"start":{"line":175,"column":8},"end":{"line":177,"column":9}},{"start":{},"end":{}}],"line":175},"22":{"loc":{"start":{"line":179,"column":8},"end":{"line":181,"column":9}},"type":"if","locations":[{"start":{"line":179,"column":8},"end":{"line":181,"column":9}},{"start":{},"end":{}}],"line":179},"23":{"loc":{"start":{"line":191,"column":8},"end":{"line":193,"column":9}},"type":"if","locations":[{"start":{"line":191,"column":8},"end":{"line":193,"column":9}},{"start":{},"end":{}}],"line":191},"24":{"loc":{"start":{"line":202,"column":8},"end":{"line":204,"column":9}},"type":"if","locations":[{"start":{"line":202,"column":8},"end":{"line":204,"column":9}},{"start":{},"end":{}}],"line":202},"25":{"loc":{"start":{"line":206,"column":8},"end":{"line":210,"column":9}},"type":"if","locations":[{"start":{"line":206,"column":8},"end":{"line":210,"column":9}},{"start":{},"end":{}}],"line":206},"26":{"loc":{"start":{"line":226,"column":8},"end":{"line":228,"column":9}},"type":"if","locations":[{"start":{"line":226,"column":8},"end":{"line":228,"column":9}},{"start":{},"end":{}}],"line":226}},"s":{"0":2,"1":2,"2":2,"3":2,"4":2,"5":7,"6":7,"7":7,"8":7,"9":1,"10":6,"11":6,"12":1,"13":5,"14":5,"15":1,"16":4,"17":2,"18":2,"19":1,"20":3,"21":2,"22":2,"23":1,"24":2,"25":1,"26":2,"27":1,"28":2,"29":5,"30":5,"31":5,"32":5,"33":3,"34":3,"35":1,"36":2,"37":4,"38":1,"39":1,"40":1,"41":0,"42":3,"43":2,"44":1,"45":2,"46":4,"47":4,"48":2,"49":1,"50":1,"51":1,"52":2,"53":1,"54":1,"55":2,"56":8,"57":8,"58":8,"59":8,"60":8,"61":1,"62":7,"63":5,"64":1,"65":4,"66":1,"67":3,"68":3,"69":1,"70":2,"71":2,"72":2,"73":1,"74":1,"75":2,"76":5,"77":5,"78":3,"79":1,"80":2,"81":1,"82":1,"83":1,"84":1,"85":2,"86":1,"87":1,"88":2,"89":5,"90":5,"91":3,"92":1,"93":2,"94":1,"95":1,"96":1,"97":1,"98":1,"99":1,"100":2,"101":1,"102":1,"103":2},"f":{"0":7,"1":2,"2":5,"3":4,"4":8,"5":5,"6":5},"b":{"0":[1,6],"1":[1,5],"2":[1,4],"3":[2,2],"4":[1,1],"5":[0,3],"6":[1,1],"7":[2,1],"8":[1,1],"9":[3,2],"10":[1,2],"11":[1,3],"12":[1,0],"13":[1,1],"14":[1,1],"15":[1,7],"16":[1,4],"17":[1,3],"18":[1,2],"19":[1,1],"20":[1,1],"21":[1,2],"22":[1,1],"23":[1,1],"24":[1,2],"25":[1,1],"26":[1,1]},"_coverageSchema":"1a1c01bbd47fc00a2c39e90264f33305004495a9","hash":"9590aaabd9daa7f739e6d791c820439995946128"}
,"C:\\Users\\admin\\Desktop\\c file\\labs(backend)\\API Voiting Platform\\BackEnd_Project_Pokhilevych-Shevchyk-Shishkovska\\controllers\\users.controller.js": {"path":"C:\\Users\\admin\\Desktop\\c file\\labs(backend)\\API Voiting Platform\\BackEnd_Project_Pokhilevych-Shevchyk-Shishkovska\\controllers\\users.controller.js","statementMap":{"0":{"start":{"line":1,"column":19},"end":{"line":1,"column":56}},"1":{"start":{"line":23,"column":14},"end":{"line":42,"column":1}},"2":{"start":{"line":61,"column":17},"end":{"line":66,"column":1}},"3":{"start":{"line":65,"column":4},"end":{"line":65,"column":32}},"4":{"start":{"line":68,"column":16},"end":{"line":73,"column":1}},"5":{"start":{"line":69,"column":17},"end":{"line":69,"column":25}},"6":{"start":{"line":70,"column":4},"end":{"line":70,"column":31}},"7":{"start":{"line":71,"column":4},"end":{"line":71,"column":21}},"8":{"start":{"line":72,"column":4},"end":{"line":72,"column":31}},"9":{"start":{"line":75,"column":0},"end":{"line":78,"column":2}}},"fnMap":{"0":{"name":"(anonymous_0)","decl":{"start":{"line":61,"column":17},"end":{"line":61,"column":18}},"loc":{"start":{"line":61,"column":37},"end":{"line":66,"column":1}},"line":61},"1":{"name":"(anonymous_1)","decl":{"start":{"line":68,"column":16},"end":{"line":68,"column":17}},"loc":{"start":{"line":68,"column":36},"end":{"line":73,"column":1}},"line":68}},"branchMap":{},"s":{"0":1,"1":1,"2":1,"3":1,"4":1,"5":0,"6":0,"7":0,"8":0,"9":1},"f":{"0":1,"1":0},"b":{},"_coverageSchema":"1a1c01bbd47fc00a2c39e90264f33305004495a9","hash":"9478688de0916a03dde2a86d5f8450d183974bf2"}
,"C:\\Users\\admin\\Desktop\\c file\\labs(backend)\\API Voiting Platform\\BackEnd_Project_Pokhilevych-Shevchyk-Shishkovska\\controllers\\votes.controller.js": {"path":"C:\\Users\\admin\\Desktop\\c file\\labs(backend)\\API Voiting Platform\\BackEnd_Project_Pokhilevych-Shevchyk-Shishkovska\\controllers\\votes.controller.js","statementMap":{"0":{"start":{"line":1,"column":15},"end":{"line":1,"column":48}},"1":{"start":{"line":2,"column":18},"end":{"line":2,"column":54}},"2":{"start":{"line":3,"column":14},"end":{"line":3,"column":46}},"3":{"start":{"line":4,"column":13},"end":{"line":4,"column":44}},"4":{"start":{"line":11,"column":4},"end":{"line":11,"column":38}},"5":{"start":{"line":13,"column":17},"end":{"line":91,"column":1}},"6":{"start":{"line":14,"column":4},"end":{"line":90,"column":5}},"7":{"start":{"line":15,"column":49},"end":{"line":15,"column":57}},"8":{"start":{"line":17,"column":33},"end":{"line":17,"column":81}},"9":{"start":{"line":18,"column":8},"end":{"line":20,"column":9}},"10":{"start":{"line":19,"column":12},"end":{"line":19,"column":75}},"11":{"start":{"line":22,"column":22},"end":{"line":22,"column":70}},"12":{"start":{"line":23,"column":8},"end":{"line":27,"column":9}},"13":{"start":{"line":24,"column":12},"end":{"line":26,"column":15}},"14":{"start":{"line":29,"column":21},"end":{"line":29,"column":48}},"15":{"start":{"line":30,"column":8},"end":{"line":32,"column":9}},"16":{"start":{"line":31,"column":12},"end":{"line":31,"column":78}},"17":{"start":{"line":34,"column":37},"end":{"line":34,"column":63}},"18":{"start":{"line":35,"column":8},"end":{"line":37,"column":9}},"19":{"start":{"line":36,"column":12},"end":{"line":36,"column":79}},"20":{"start":{"line":39,"column":26},"end":{"line":39,"column":63}},"21":{"start":{"line":40,"column":8},"end":{"line":42,"column":9}},"22":{"start":{"line":41,"column":12},"end":{"line":41,"column":77}},"23":{"start":{"line":44,"column":40},"end":{"line":44,"column":87}},"24":{"start":{"line":45,"column":8},"end":{"line":47,"column":9}},"25":{"start":{"line":46,"column":12},"end":{"line":46,"column":82}},"26":{"start":{"line":50,"column":31},"end":{"line":53,"column":10}},"27":{"start":{"line":54,"column":8},"end":{"line":58,"column":9}},"28":{"start":{"line":55,"column":12},"end":{"line":57,"column":15}},"29":{"start":{"line":61,"column":23},"end":{"line":65,"column":10}},"30":{"start":{"line":67,"column":8},"end":{"line":69,"column":11}},"31":{"start":{"line":71,"column":8},"end":{"line":79,"column":11}},"32":{"start":{"line":81,"column":8},"end":{"line":85,"column":9}},"33":{"start":{"line":82,"column":12},"end":{"line":84,"column":15}},"34":{"start":{"line":86,"column":8},"end":{"line":88,"column":9}},"35":{"start":{"line":87,"column":12},"end":{"line":87,"column":85}},"36":{"start":{"line":89,"column":8},"end":{"line":89,"column":20}},"37":{"start":{"line":93,"column":24},"end":{"line":139,"column":1}},"38":{"start":{"line":94,"column":4},"end":{"line":138,"column":5}},"39":{"start":{"line":95,"column":36},"end":{"line":95,"column":45}},"40":{"start":{"line":97,"column":32},"end":{"line":97,"column":72}},"41":{"start":{"line":98,"column":8},"end":{"line":100,"column":9}},"42":{"start":{"line":99,"column":12},"end":{"line":99,"column":74}},"43":{"start":{"line":102,"column":22},"end":{"line":102,"column":70}},"44":{"start":{"line":103,"column":8},"end":{"line":105,"column":9}},"45":{"start":{"line":104,"column":12},"end":{"line":104,"column":75}},"46":{"start":{"line":107,"column":21},"end":{"line":107,"column":48}},"47":{"start":{"line":108,"column":8},"end":{"line":110,"column":9}},"48":{"start":{"line":109,"column":12},"end":{"line":109,"column":78}},"49":{"start":{"line":112,"column":23},"end":{"line":115,"column":46}},"50":{"start":{"line":117,"column":8},"end":{"line":122,"column":9}},"51":{"start":{"line":118,"column":12},"end":{"line":121,"column":15}},"52":{"start":{"line":124,"column":8},"end":{"line":132,"column":11}},"53":{"start":{"line":134,"column":8},"end":{"line":136,"column":9}},"54":{"start":{"line":135,"column":12},"end":{"line":135,"column":76}},"55":{"start":{"line":137,"column":8},"end":{"line":137,"column":20}},"56":{"start":{"line":141,"column":23},"end":{"line":179,"column":1}},"57":{"start":{"line":142,"column":4},"end":{"line":178,"column":5}},"58":{"start":{"line":143,"column":21},"end":{"line":143,"column":59}},"59":{"start":{"line":144,"column":8},"end":{"line":146,"column":9}},"60":{"start":{"line":145,"column":12},"end":{"line":145,"column":78}},"61":{"start":{"line":148,"column":27},"end":{"line":150,"column":37}},"62":{"start":{"line":152,"column":27},"end":{"line":152,"column":79}},"63":{"start":{"line":152,"column":57},"end":{"line":152,"column":75}},"64":{"start":{"line":154,"column":24},"end":{"line":161,"column":11}},"65":{"start":{"line":154,"column":45},"end":{"line":161,"column":9}},"66":{"start":{"line":163,"column":8},"end":{"line":172,"column":11}},"67":{"start":{"line":174,"column":8},"end":{"line":176,"column":9}},"68":{"start":{"line":175,"column":12},"end":{"line":175,"column":87}},"69":{"start":{"line":177,"column":8},"end":{"line":177,"column":20}},"70":{"start":{"line":181,"column":19},"end":{"line":238,"column":1}},"71":{"start":{"line":182,"column":4},"end":{"line":237,"column":5}},"72":{"start":{"line":183,"column":36},"end":{"line":183,"column":44}},"73":{"start":{"line":185,"column":33},"end":{"line":185,"column":74}},"74":{"start":{"line":186,"column":8},"end":{"line":188,"column":9}},"75":{"start":{"line":187,"column":12},"end":{"line":187,"column":75}},"76":{"start":{"line":190,"column":22},"end":{"line":190,"column":70}},"77":{"start":{"line":191,"column":8},"end":{"line":193,"column":9}},"78":{"start":{"line":192,"column":12},"end":{"line":192,"column":75}},"79":{"start":{"line":195,"column":21},"end":{"line":195,"column":48}},"80":{"start":{"line":196,"column":8},"end":{"line":198,"column":9}},"81":{"start":{"line":197,"column":12},"end":{"line":197,"column":78}},"82":{"start":{"line":200,"column":37},"end":{"line":200,"column":63}},"83":{"start":{"line":201,"column":8},"end":{"line":205,"column":9}},"84":{"start":{"line":202,"column":12},"end":{"line":204,"column":15}},"85":{"start":{"line":207,"column":23},"end":{"line":210,"column":10}},"86":{"start":{"line":212,"column":8},"end":{"line":216,"column":9}},"87":{"start":{"line":213,"column":12},"end":{"line":215,"column":15}},"88":{"start":{"line":219,"column":8},"end":{"line":221,"column":11}},"89":{"start":{"line":223,"column":8},"end":{"line":223,"column":51}},"90":{"start":{"line":225,"column":8},"end":{"line":231,"column":11}},"91":{"start":{"line":233,"column":8},"end":{"line":235,"column":9}},"92":{"start":{"line":234,"column":12},"end":{"line":234,"column":76}},"93":{"start":{"line":236,"column":8},"end":{"line":236,"column":20}},"94":{"start":{"line":240,"column":0},"end":{"line":245,"column":2}}},"fnMap":{"0":{"name":"(anonymous_0)","decl":{"start":{"line":13,"column":17},"end":{"line":13,"column":18}},"loc":{"start":{"line":13,"column":43},"end":{"line":91,"column":1}},"line":13},"1":{"name":"(anonymous_1)","decl":{"start":{"line":93,"column":24},"end":{"line":93,"column":25}},"loc":{"start":{"line":93,"column":50},"end":{"line":139,"column":1}},"line":93},"2":{"name":"(anonymous_2)","decl":{"start":{"line":141,"column":23},"end":{"line":141,"column":24}},"loc":{"start":{"line":141,"column":49},"end":{"line":179,"column":1}},"line":141},"3":{"name":"(anonymous_3)","decl":{"start":{"line":152,"column":45},"end":{"line":152,"column":46}},"loc":{"start":{"line":152,"column":57},"end":{"line":152,"column":75}},"line":152},"4":{"name":"(anonymous_4)","decl":{"start":{"line":154,"column":39},"end":{"line":154,"column":40}},"loc":{"start":{"line":154,"column":45},"end":{"line":161,"column":9}},"line":154},"5":{"name":"(anonymous_5)","decl":{"start":{"line":181,"column":19},"end":{"line":181,"column":20}},"loc":{"start":{"line":181,"column":45},"end":{"line":238,"column":1}},"line":181}},"branchMap":{"0":{"loc":{"start":{"line":18,"column":8},"end":{"line":20,"column":9}},"type":"if","locations":[{"start":{"line":18,"column":8},"end":{"line":20,"column":9}},{"start":{},"end":{}}],"line":18},"1":{"loc":{"start":{"line":23,"column":8},"end":{"line":27,"column":9}},"type":"if","locations":[{"start":{"line":23,"column":8},"end":{"line":27,"column":9}},{"start":{},"end":{}}],"line":23},"2":{"loc":{"start":{"line":30,"column":8},"end":{"line":32,"column":9}},"type":"if","locations":[{"start":{"line":30,"column":8},"end":{"line":32,"column":9}},{"start":{},"end":{}}],"line":30},"3":{"loc":{"start":{"line":35,"column":8},"end":{"line":37,"column":9}},"type":"if","locations":[{"start":{"line":35,"column":8},"end":{"line":37,"column":9}},{"start":{},"end":{}}],"line":35},"4":{"loc":{"start":{"line":40,"column":8},"end":{"line":42,"column":9}},"type":"if","locations":[{"start":{"line":40,"column":8},"end":{"line":42,"column":9}},{"start":{},"end":{}}],"line":40},"5":{"loc":{"start":{"line":45,"column":8},"end":{"line":47,"column":9}},"type":"if","locations":[{"start":{"line":45,"column":8},"end":{"line":47,"column":9}},{"start":{},"end":{}}],"line":45},"6":{"loc":{"start":{"line":54,"column":8},"end":{"line":58,"column":9}},"type":"if","locations":[{"start":{"line":54,"column":8},"end":{"line":58,"column":9}},{"start":{},"end":{}}],"line":54},"7":{"loc":{"start":{"line":81,"column":8},"end":{"line":85,"column":9}},"type":"if","locations":[{"start":{"line":81,"column":8},"end":{"line":85,"column":9}},{"start":{},"end":{}}],"line":81},"8":{"loc":{"start":{"line":86,"column":8},"end":{"line":88,"column":9}},"type":"if","locations":[{"start":{"line":86,"column":8},"end":{"line":88,"column":9}},{"start":{},"end":{}}],"line":86},"9":{"loc":{"start":{"line":98,"column":8},"end":{"line":100,"column":9}},"type":"if","locations":[{"start":{"line":98,"column":8},"end":{"line":100,"column":9}},{"start":{},"end":{}}],"line":98},"10":{"loc":{"start":{"line":103,"column":8},"end":{"line":105,"column":9}},"type":"if","locations":[{"start":{"line":103,"column":8},"end":{"line":105,"column":9}},{"start":{},"end":{}}],"line":103},"11":{"loc":{"start":{"line":108,"column":8},"end":{"line":110,"column":9}},"type":"if","locations":[{"start":{"line":108,"column":8},"end":{"line":110,"column":9}},{"start":{},"end":{}}],"line":108},"12":{"loc":{"start":{"line":117,"column":8},"end":{"line":122,"column":9}},"type":"if","locations":[{"start":{"line":117,"column":8},"end":{"line":122,"column":9}},{"start":{},"end":{}}],"line":117},"13":{"loc":{"start":{"line":129,"column":23},"end":{"line":129,"column":52}},"type":"binary-expr","locations":[{"start":{"line":129,"column":23},"end":{"line":129,"column":45}},{"start":{"line":129,"column":49},"end":{"line":129,"column":52}}],"line":129},"14":{"loc":{"start":{"line":134,"column":8},"end":{"line":136,"column":9}},"type":"if","locations":[{"start":{"line":134,"column":8},"end":{"line":136,"column":9}},{"start":{},"end":{}}],"line":134},"15":{"loc":{"start":{"line":144,"column":8},"end":{"line":146,"column":9}},"type":"if","locations":[{"start":{"line":144,"column":8},"end":{"line":146,"column":9}},{"start":{},"end":{}}],"line":144},"16":{"loc":{"start":{"line":157,"column":19},"end":{"line":157,"column":33}},"type":"binary-expr","locations":[{"start":{"line":157,"column":19},"end":{"line":157,"column":26}},{"start":{"line":157,"column":30},"end":{"line":157,"column":33}}],"line":157},"17":{"loc":{"start":{"line":160,"column":16},"end":{"line":160,"column":95}},"type":"cond-expr","locations":[{"start":{"line":160,"column":33},"end":{"line":160,"column":85}},{"start":{"line":160,"column":88},"end":{"line":160,"column":95}}],"line":160},"18":{"loc":{"start":{"line":174,"column":8},"end":{"line":176,"column":9}},"type":"if","locations":[{"start":{"line":174,"column":8},"end":{"line":176,"column":9}},{"start":{},"end":{}}],"line":174},"19":{"loc":{"start":{"line":186,"column":8},"end":{"line":188,"column":9}},"type":"if","locations":[{"start":{"line":186,"column":8},"end":{"line":188,"column":9}},{"start":{},"end":{}}],"line":186},"20":{"loc":{"start":{"line":191,"column":8},"end":{"line":193,"column":9}},"type":"if","locations":[{"start":{"line":191,"column":8},"end":{"line":193,"column":9}},{"start":{},"end":{}}],"line":191},"21":{"loc":{"start":{"line":196,"column":8},"end":{"line":198,"column":9}},"type":"if","locations":[{"start":{"line":196,"column":8},"end":{"line":198,"column":9}},{"start":{},"end":{}}],"line":196},"22":{"loc":{"start":{"line":201,"column":8},"end":{"line":205,"column":9}},"type":"if","locations":[{"start":{"line":201,"column":8},"end":{"line":205,"column":9}},{"start":{},"end":{}}],"line":201},"23":{"loc":{"start":{"line":212,"column":8},"end":{"line":216,"column":9}},"type":"if","locations":[{"start":{"line":212,"column":8},"end":{"line":216,"column":9}},{"start":{},"end":{}}],"line":212},"24":{"loc":{"start":{"line":233,"column":8},"end":{"line":235,"column":9}},"type":"if","locations":[{"start":{"line":233,"column":8},"end":{"line":235,"column":9}},{"start":{},"end":{}}],"line":233}},"s":{"0":2,"1":2,"2":2,"3":2,"4":2,"5":2,"6":10,"7":10,"8":10,"9":10,"10":1,"11":9,"12":8,"13":1,"14":7,"15":7,"16":1,"17":6,"18":6,"19":1,"20":5,"21":5,"22":1,"23":4,"24":4,"25":1,"26":3,"27":3,"28":1,"29":2,"30":1,"31":1,"32":2,"33":1,"34":1,"35":1,"36":0,"37":2,"38":7,"39":7,"40":7,"41":7,"42":1,"43":6,"44":5,"45":1,"46":4,"47":4,"48":1,"49":3,"50":3,"51":1,"52":2,"53":1,"54":1,"55":0,"56":2,"57":5,"58":5,"59":3,"60":1,"61":2,"62":2,"63":4,"64":2,"65":4,"66":2,"67":2,"68":1,"69":1,"70":2,"71":8,"72":8,"73":8,"74":8,"75":1,"76":7,"77":5,"78":1,"79":4,"80":4,"81":1,"82":3,"83":3,"84":1,"85":2,"86":2,"87":1,"88":1,"89":1,"90":1,"91":2,"92":1,"93":1,"94":2},"f":{"0":10,"1":7,"2":5,"3":4,"4":4,"5":8},"b":{"0":[1,9],"1":[1,7],"2":[1,6],"3":[1,5],"4":[1,4],"5":[1,3],"6":[1,2],"7":[1,1],"8":[1,0],"9":[1,6],"10":[1,4],"11":[1,3],"12":[1,2],"13":[2,1],"14":[1,0],"15":[1,2],"16":[4,2],"17":[2,2],"18":[1,1],"19":[1,7],"20":[1,4],"21":[1,3],"22":[1,2],"23":[1,1],"24":[1,1]},"_coverageSchema":"1a1c01bbd47fc00a2c39e90264f33305004495a9","hash":"f3007a3e77c5d4ff90cbdc0a48667141d008ba4a"}
,"C:\\Users\\admin\\Desktop\\c file\\labs(backend)\\API Voiting Platform\\BackEnd_Project_Pokhilevych-Shevchyk-Shishkovska\\helpers\\poll.helpers.js": {"path":"C:\\Users\\admin\\Desktop\\c file\\labs(backend)\\API Voiting Platform\\BackEnd_Project_Pokhilevych-Shevchyk-Shishkovska\\helpers\\poll.helpers.js","statementMap":{"0":{"start":{"line":11,"column":26},"end":{"line":22,"column":1}},"1":{"start":{"line":12,"column":4},"end":{"line":14,"column":5}},"2":{"start":{"line":13,"column":8},"end":{"line":13,"column":96}},"3":{"start":{"line":15,"column":4},"end":{"line":17,"column":5}},"4":{"start":{"line":16,"column":8},"end":{"line":16,"column":98}},"5":{"start":{"line":18,"column":4},"end":{"line":20,"column":5}},"6":{"start":{"line":19,"column":8},"end":{"line":19,"column":94}},"7":{"start":{"line":21,"column":4},"end":{"line":21,"column":27}},"8":{"start":{"line":29,"column":31},"end":{"line":49,"column":1}},"9":{"start":{"line":30,"column":4},"end":{"line":32,"column":5}},"10":{"start":{"line":31,"column":8},"end":{"line":31,"column":88}},"11":{"start":{"line":33,"column":4},"end":{"line":35,"column":5}},"12":{"start":{"line":34,"column":8},"end":{"line":34,"column":93}},"13":{"start":{"line":36,"column":4},"end":{"line":38,"column":5}},"14":{"start":{"line":37,"column":8},"end":{"line":37,"column":88}},"15":{"start":{"line":39,"column":4},"end":{"line":43,"column":5}},"16":{"start":{"line":39,"column":17},"end":{"line":39,"column":18}},"17":{"start":{"line":40,"column":8},"end":{"line":42,"column":9}},"18":{"start":{"line":41,"column":12},"end":{"line":41,"column":94}},"19":{"start":{"line":44,"column":18},"end":{"line":44,"column":66}},"20":{"start":{"line":44,"column":38},"end":{"line":44,"column":65}},"21":{"start":{"line":45,"column":4},"end":{"line":47,"column":5}},"22":{"start":{"line":46,"column":8},"end":{"line":46,"column":87}},"23":{"start":{"line":48,"column":4},"end":{"line":48,"column":27}},"24":{"start":{"line":56,"column":30},"end":{"line":61,"column":1}},"25":{"start":{"line":57,"column":4},"end":{"line":59,"column":5}},"26":{"start":{"line":58,"column":8},"end":{"line":58,"column":71}},"27":{"start":{"line":60,"column":4},"end":{"line":60,"column":27}},"28":{"start":{"line":68,"column":29},"end":{"line":76,"column":1}},"29":{"start":{"line":69,"column":4},"end":{"line":74,"column":5}},"30":{"start":{"line":70,"column":8},"end":{"line":73,"column":10}},"31":{"start":{"line":75,"column":4},"end":{"line":75,"column":27}},"32":{"start":{"line":78,"column":0},"end":{"line":83,"column":2}}},"fnMap":{"0":{"name":"(anonymous_0)","decl":{"start":{"line":11,"column":26},"end":{"line":11,"column":27}},"loc":{"start":{"line":11,"column":35},"end":{"line":22,"column":1}},"line":11},"1":{"name":"(anonymous_1)","decl":{"start":{"line":29,"column":31},"end":{"line":29,"column":32}},"loc":{"start":{"line":29,"column":45},"end":{"line":49,"column":1}},"line":29},"2":{"name":"(anonymous_2)","decl":{"start":{"line":44,"column":33},"end":{"line":44,"column":34}},"loc":{"start":{"line":44,"column":38},"end":{"line":44,"column":65}},"line":44},"3":{"name":"(anonymous_3)","decl":{"start":{"line":56,"column":30},"end":{"line":56,"column":31}},"loc":{"start":{"line":56,"column":38},"end":{"line":61,"column":1}},"line":56},"4":{"name":"(anonymous_4)","decl":{"start":{"line":68,"column":29},"end":{"line":68,"column":30}},"loc":{"start":{"line":68,"column":39},"end":{"line":76,"column":1}},"line":68}},"branchMap":{"0":{"loc":{"start":{"line":12,"column":4},"end":{"line":14,"column":5}},"type":"if","locations":[{"start":{"line":12,"column":4},"end":{"line":14,"column":5}},{"start":{},"end":{}}],"line":12},"1":{"loc":{"start":{"line":12,"column":8},"end":{"line":12,"column":37}},"type":"binary-expr","locations":[{"start":{"line":12,"column":8},"end":{"line":12,"column":14}},{"start":{"line":12,"column":18},"end":{"line":12,"column":37}}],"line":12},"2":{"loc":{"start":{"line":15,"column":4},"end":{"line":17,"column":5}},"type":"if","locations":[{"start":{"line":15,"column":4},"end":{"line":17,"column":5}},{"start":{},"end":{}}],"line":15},"3":{"loc":{"start":{"line":18,"column":4},"end":{"line":20,"column":5}},"type":"if","locations":[{"start":{"line":18,"column":4},"end":{"line":20,"column":5}},{"start":{},"end":{}}],"line":18},"4":{"loc":{"start":{"line":30,"column":4},"end":{"line":32,"column":5}},"type":"if","locations":[{"start":{"line":30,"column":4},"end":{"line":32,"column":5}},{"start":{},"end":{}}],"line":30},"5":{"loc":{"start":{"line":33,"column":4},"end":{"line":35,"column":5}},"type":"if","locations":[{"start":{"line":33,"column":4},"end":{"line":35,"column":5}},{"start":{},"end":{}}],"line":33},"6":{"loc":{"start":{"line":36,"column":4},"end":{"line":38,"column":5}},"type":"if","locations":[{"start":{"line":36,"column":4},"end":{"line":38,"column":5}},{"start":{},"end":{}}],"line":36},"7":{"loc":{"start":{"line":40,"column":8},"end":{"line":42,"column":9}},"type":"if","locations":[{"start":{"line":40,"column":8},"end":{"line":42,"column":9}},{"start":{},"end":{}}],"line":40},"8":{"loc":{"start":{"line":40,"column":12},"end":{"line":40,"column":67}},"type":"binary-expr","locations":[{"start":{"line":40,"column":12},"end":{"line":40,"column":31}},{"start":{"line":40,"column":35},"end":{"line":40,"column":67}}],"line":40},"9":{"loc":{"start":{"line":45,"column":4},"end":{"line":47,"column":5}},"type":"if","locations":[{"start":{"line":45,"column":4},"end":{"line":47,"column":5}},{"start":{},"end":{}}],"line":45},"10":{"loc":{"start":{"line":57,"column":4},"end":{"line":59,"column":5}},"type":"if","locations":[{"start":{"line":57,"column":4},"end":{"line":59,"column":5}},{"start":{},"end":{}}],"line":57},"11":{"loc":{"start":{"line":57,"column":8},"end":{"line":57,"column":35}},"type":"binary-expr","locations":[{"start":{"line":57,"column":8},"end":{"line":57,"column":13}},{"start":{"line":57,"column":17},"end":{"line":57,"column":35}}],"line":57},"12":{"loc":{"start":{"line":69,"column":4},"end":{"line":74,"column":5}},"type":"if","locations":[{"start":{"line":69,"column":4},"end":{"line":74,"column":5}},{"start":{},"end":{}}],"line":69}},"s":{"0":2,"1":8,"2":2,"3":6,"4":1,"5":5,"6":1,"7":4,"8":2,"9":8,"10":2,"11":6,"12":1,"13":5,"14":1,"15":4,"16":4,"17":56,"18":1,"19":3,"20":54,"21":3,"22":1,"23":2,"24":2,"25":3,"26":2,"27":1,"28":2,"29":3,"30":1,"31":2,"32":2},"f":{"0":8,"1":8,"2":54,"3":3,"4":3},"b":{"0":[2,6],"1":[8,7],"2":[1,5],"3":[1,4],"4":[2,6],"5":[1,5],"6":[1,4],"7":[1,55],"8":[56,55],"9":[1,2],"10":[2,1],"11":[3,2],"12":[1,2]},"_coverageSchema":"1a1c01bbd47fc00a2c39e90264f33305004495a9","hash":"ec510911ddddb49b32fa05ad3f41aa31a4d1cdd4"}
,"C:\\Users\\admin\\Desktop\\c file\\labs(backend)\\API Voiting Platform\\BackEnd_Project_Pokhilevych-Shevchyk-Shishkovska\\helpers\\vote.helpers.js": {"path":"C:\\Users\\admin\\Desktop\\c file\\labs(backend)\\API Voiting Platform\\BackEnd_Project_Pokhilevych-Shevchyk-Shishkovska\\helpers\\vote.helpers.js","statementMap":{"0":{"start":{"line":13,"column":27},"end":{"line":21,"column":1}},"1":{"start":{"line":14,"column":4},"end":{"line":19,"column":5}},"2":{"start":{"line":15,"column":8},"end":{"line":18,"column":10}},"3":{"start":{"line":20,"column":4},"end":{"line":20,"column":27}},"4":{"start":{"line":29,"column":32},"end":{"line":37,"column":1}},"5":{"start":{"line":30,"column":4},"end":{"line":35,"column":5}},"6":{"start":{"line":31,"column":8},"end":{"line":34,"column":10}},"7":{"start":{"line":36,"column":4},"end":{"line":36,"column":27}},"8":{"start":{"line":45,"column":33},"end":{"line":53,"column":1}},"9":{"start":{"line":46,"column":4},"end":{"line":51,"column":5}},"10":{"start":{"line":47,"column":8},"end":{"line":50,"column":10}},"11":{"start":{"line":52,"column":4},"end":{"line":52,"column":27}},"12":{"start":{"line":61,"column":39},"end":{"line":69,"column":1}},"13":{"start":{"line":62,"column":4},"end":{"line":67,"column":5}},"14":{"start":{"line":63,"column":8},"end":{"line":66,"column":10}},"15":{"start":{"line":68,"column":4},"end":{"line":68,"column":27}},"16":{"start":{"line":76,"column":29},"end":{"line":84,"column":1}},"17":{"start":{"line":77,"column":4},"end":{"line":82,"column":5}},"18":{"start":{"line":78,"column":8},"end":{"line":81,"column":10}},"19":{"start":{"line":83,"column":4},"end":{"line":83,"column":27}},"20":{"start":{"line":86,"column":0},"end":{"line":92,"column":2}}},"fnMap":{"0":{"name":"(anonymous_0)","decl":{"start":{"line":13,"column":27},"end":{"line":13,"column":28}},"loc":{"start":{"line":13,"column":61},"end":{"line":21,"column":1}},"line":13},"1":{"name":"(anonymous_1)","decl":{"start":{"line":29,"column":32},"end":{"line":29,"column":33}},"loc":{"start":{"line":29,"column":53},"end":{"line":37,"column":1}},"line":29},"2":{"name":"(anonymous_2)","decl":{"start":{"line":45,"column":33},"end":{"line":45,"column":34}},"loc":{"start":{"line":45,"column":54},"end":{"line":53,"column":1}},"line":45},"3":{"name":"(anonymous_3)","decl":{"start":{"line":61,"column":39},"end":{"line":61,"column":40}},"loc":{"start":{"line":61,"column":60},"end":{"line":69,"column":1}},"line":61},"4":{"name":"(anonymous_4)","decl":{"start":{"line":76,"column":29},"end":{"line":76,"column":30}},"loc":{"start":{"line":76,"column":37},"end":{"line":84,"column":1}},"line":76}},"branchMap":{"0":{"loc":{"start":{"line":14,"column":4},"end":{"line":19,"column":5}},"type":"if","locations":[{"start":{"line":14,"column":4},"end":{"line":19,"column":5}},{"start":{},"end":{}}],"line":14},"1":{"loc":{"start":{"line":14,"column":8},"end":{"line":14,"column":43}},"type":"binary-expr","locations":[{"start":{"line":14,"column":8},"end":{"line":14,"column":16}},{"start":{"line":14,"column":20},"end":{"line":14,"column":27}},{"start":{"line":14,"column":31},"end":{"line":14,"column":43}}],"line":14},"2":{"loc":{"start":{"line":30,"column":4},"end":{"line":35,"column":5}},"type":"if","locations":[{"start":{"line":30,"column":4},"end":{"line":35,"column":5}},{"start":{},"end":{}}],"line":30},"3":{"loc":{"start":{"line":30,"column":8},"end":{"line":30,"column":27}},"type":"binary-expr","locations":[{"start":{"line":30,"column":8},"end":{"line":30,"column":16}},{"start":{"line":30,"column":20},"end":{"line":30,"column":27}}],"line":30},"4":{"loc":{"start":{"line":46,"column":4},"end":{"line":51,"column":5}},"type":"if","locations":[{"start":{"line":46,"column":4},"end":{"line":51,"column":5}},{"start":{},"end":{}}],"line":46},"5":{"loc":{"start":{"line":46,"column":8},"end":{"line":46,"column":27}},"type":"binary-expr","locations":[{"start":{"line":46,"column":8},"end":{"line":46,"column":16}},{"start":{"line":46,"column":20},"end":{"line":46,"column":27}}],"line":46},"6":{"loc":{"start":{"line":62,"column":4},"end":{"line":67,"column":5}},"type":"if","locations":[{"start":{"line":62,"column":4},"end":{"line":67,"column":5}},{"start":{},"end":{}}],"line":62},"7":{"loc":{"start":{"line":77,"column":4},"end":{"line":82,"column":5}},"type":"if","locations":[{"start":{"line":77,"column":4},"end":{"line":82,"column":5}},{"start":{},"end":{}}],"line":77}},"s":{"0":2,"1":5,"2":4,"3":1,"4":2,"5":3,"6":2,"7":1,"8":2,"9":3,"10":2,"11":1,"12":2,"13":2,"14":1,"15":1,"16":2,"17":2,"18":1,"19":1,"20":2},"f":{"0":5,"1":3,"2":3,"3":2,"4":2},"b":{"0":[4,1],"1":[5,3,2],"2":[2,1],"3":[3,2],"4":[2,1],"5":[3,2],"6":[1,1],"7":[1,1]},"_coverageSchema":"1a1c01bbd47fc00a2c39e90264f33305004495a9","hash":"e4523cac7d09f00f75ecabcc267ac212c5ea7c93"}
,"C:\\Users\\admin\\Desktop\\c file\\labs(backend)\\API Voiting Platform\\BackEnd_Project_Pokhilevych-Shevchyk-Shishkovska\\middleware\\auth.middleware.js": {"path":"C:\\Users\\admin\\Desktop\\c file\\labs(backend)\\API Voiting Platform\\BackEnd_Project_Pokhilevych-Shevchyk-Shishkovska\\middleware\\auth.middleware.js","statementMap":{"0":{"start":{"line":13,"column":0},"end":{"line":13,"column":27}},"1":{"start":{"line":19,"column":21},"end":{"line":42,"column":1}},"2":{"start":{"line":20,"column":21},"end":{"line":20,"column":42}},"3":{"start":{"line":23,"column":4},"end":{"line":25,"column":5}},"4":{"start":{"line":24,"column":8},"end":{"line":24,"column":22}},"5":{"start":{"line":27,"column":24},"end":{"line":27,"column":50}},"6":{"start":{"line":29,"column":4},"end":{"line":33,"column":5}},"7":{"start":{"line":30,"column":8},"end":{"line":32,"column":11}},"8":{"start":{"line":35,"column":4},"end":{"line":39,"column":5}},"9":{"start":{"line":36,"column":8},"end":{"line":38,"column":11}},"10":{"start":{"line":41,"column":4},"end":{"line":41,"column":18}},"11":{"start":{"line":49,"column":26},"end":{"line":79,"column":1}},"12":{"start":{"line":50,"column":4},"end":{"line":78,"column":5}},"13":{"start":{"line":51,"column":21},"end":{"line":51,"column":52}},"14":{"start":{"line":52,"column":27},"end":{"line":52,"column":37}},"15":{"start":{"line":54,"column":8},"end":{"line":56,"column":9}},"16":{"start":{"line":55,"column":12},"end":{"line":55,"column":26}},"17":{"start":{"line":58,"column":21},"end":{"line":58,"column":48}},"18":{"start":{"line":60,"column":8},"end":{"line":62,"column":9}},"19":{"start":{"line":61,"column":12},"end":{"line":61,"column":78}},"20":{"start":{"line":64,"column":8},"end":{"line":68,"column":9}},"21":{"start":{"line":65,"column":12},"end":{"line":67,"column":15}},"22":{"start":{"line":71,"column":8},"end":{"line":71,"column":24}},"23":{"start":{"line":72,"column":8},"end":{"line":72,"column":22}},"24":{"start":{"line":74,"column":8},"end":{"line":76,"column":9}},"25":{"start":{"line":75,"column":12},"end":{"line":75,"column":87}},"26":{"start":{"line":77,"column":8},"end":{"line":77,"column":27}},"27":{"start":{"line":81,"column":0},"end":{"line":84,"column":2}}},"fnMap":{"0":{"name":"(anonymous_0)","decl":{"start":{"line":19,"column":21},"end":{"line":19,"column":22}},"loc":{"start":{"line":19,"column":41},"end":{"line":42,"column":1}},"line":19},"1":{"name":"(anonymous_1)","decl":{"start":{"line":49,"column":26},"end":{"line":49,"column":27}},"loc":{"start":{"line":49,"column":52},"end":{"line":79,"column":1}},"line":49}},"branchMap":{"0":{"loc":{"start":{"line":23,"column":4},"end":{"line":25,"column":5}},"type":"if","locations":[{"start":{"line":23,"column":4},"end":{"line":25,"column":5}},{"start":{},"end":{}}],"line":23},"1":{"loc":{"start":{"line":29,"column":4},"end":{"line":33,"column":5}},"type":"if","locations":[{"start":{"line":29,"column":4},"end":{"line":33,"column":5}},{"start":{},"end":{}}],"line":29},"2":{"loc":{"start":{"line":35,"column":4},"end":{"line":39,"column":5}},"type":"if","locations":[{"start":{"line":35,"column":4},"end":{"line":39,"column":5}},{"start":{},"end":{}}],"line":35},"3":{"loc":{"start":{"line":54,"column":8},"end":{"line":56,"column":9}},"type":"if","locations":[{"start":{"line":54,"column":8},"end":{"line":56,"column":9}},{"start":{},"end":{}}],"line":54},"4":{"loc":{"start":{"line":60,"column":8},"end":{"line":62,"column":9}},"type":"if","locations":[{"start":{"line":60,"column":8},"end":{"line":62,"column":9}},{"start":{},"end":{}}],"line":60},"5":{"loc":{"start":{"line":64,"column":8},"end":{"line":68,"column":9}},"type":"if","locations":[{"start":{"line":64,"column":8},"end":{"line":68,"column":9}},{"start":{},"end":{}}],"line":64},"6":{"loc":{"start":{"line":74,"column":8},"end":{"line":76,"column":9}},"type":"if","locations":[{"start":{"line":74,"column":8},"end":{"line":76,"column":9}},{"start":{},"end":{}}],"line":74}},"s":{"0":1,"1":1,"2":4,"3":4,"4":1,"5":3,"6":3,"7":1,"8":2,"9":1,"10":1,"11":1,"12":6,"13":6,"14":6,"15":6,"16":1,"17":5,"18":3,"19":1,"20":2,"21":1,"22":1,"23":1,"24":2,"25":1,"26":1,"27":1},"f":{"0":4,"1":6},"b":{"0":[1,3],"1":[1,2],"2":[1,1],"3":[1,5],"4":[1,2],"5":[1,1],"6":[1,1]},"_coverageSchema":"1a1c01bbd47fc00a2c39e90264f33305004495a9","hash":"40e7e2114d6ffc59e926b4eba397f539b02302dc"}
,"C:\\Users\\admin\\Desktop\\c file\\labs(backend)\\API Voiting Platform\\BackEnd_Project_Pokhilevych-Shevchyk-Shishkovska\\models\\ballot.model.js": {"path":"C:\\Users\\admin\\Desktop\\c file\\labs(backend)\\API Voiting Platform\\BackEnd_Project_Pokhilevych-Shevchyk-Shishkovska\\models\\ballot.model.js","statementMap":{"0":{"start":{"line":1,"column":17},"end":{"line":1,"column":36}},"1":{"start":{"line":3,"column":21},"end":{"line":8,"column":2}},"2":{"start":{"line":10,"column":0},"end":{"line":10,"column":60}},"3":{"start":{"line":12,"column":0},"end":{"line":12,"column":56}}},"fnMap":{},"branchMap":{},"s":{"0":3,"1":3,"2":3,"3":3},"f":{},"b":{},"_coverageSchema":"1a1c01bbd47fc00a2c39e90264f33305004495a9","hash":"4f2d66dee2f6999e7a662f3eeb437a355f91a5db"}
,"C:\\Users\\admin\\Desktop\\c file\\labs(backend)\\API Voiting Platform\\BackEnd_Project_Pokhilevych-Shevchyk-Shishkovska\\models\\candidate.model.js": {"path":"C:\\Users\\admin\\Desktop\\c file\\labs(backend)\\API Voiting Platform\\BackEnd_Project_Pokhilevych-Shevchyk-Shishkovska\\models\\candidate.model.js","statementMap":{"0":{"start":{"line":1,"column":17},"end":{"line":1,"column":36}},"1":{"start":{"line":3,"column":24},"end":{"line":8,"column":2}},"2":{"start":{"line":10,"column":0},"end":{"line":10,"column":62}}},"fnMap":{},"branchMap":{},"s":{"0":3,"1":3,"2":3},"f":{},"b":{},"_coverageSchema":"1a1c01bbd47fc00a2c39e90264f33305004495a9","hash":"3277fd72d28010cc859817232b8b4b1df43c4c7b"}
,"C:\\Users\\admin\\Desktop\\c file\\labs(backend)\\API Voiting Platform\\BackEnd_Project_Pokhilevych-Shevchyk-Shishkovska\\models\\db.js": {"path":"C:\\Users\\admin\\Desktop\\c file\\labs(backend)\\API Voiting Platform\\BackEnd_Project_Pokhilevych-Shevchyk-Shishkovska\\models\\db.js","statementMap":{"0":{"start":{"line":1,"column":14},"end":{"line":1,"column":39}},"1":{"start":{"line":2,"column":15},"end":{"line":2,"column":45}},"2":{"start":{"line":5,"column":23},"end":{"line":5,"column":62}},"3":{"start":{"line":6,"column":22},"end":{"line":6,"column":59}},"4":{"start":{"line":8,"column":4},"end":{"line":8,"column":19}},"5":{"start":{"line":11,"column":0},"end":{"line":13,"column":2}}},"fnMap":{"0":{"name":"query","decl":{"start":{"line":4,"column":15},"end":{"line":4,"column":20}},"loc":{"start":{"line":4,"column":34},"end":{"line":9,"column":1}},"line":4}},"branchMap":{},"s":{"0":1,"1":1,"2":0,"3":0,"4":0,"5":1},"f":{"0":0},"b":{},"_coverageSchema":"1a1c01bbd47fc00a2c39e90264f33305004495a9","hash":"ce2235a146cbb4bfe8d4b3b8f6423c528a2515a1"}
,"C:\\Users\\admin\\Desktop\\c file\\labs(backend)\\API Voiting Platform\\BackEnd_Project_Pokhilevych-Shevchyk-Shishkovska\\models\\department.model.js": {"path":"C:\\Users\\admin\\Desktop\\c file\\labs(backend)\\API Voiting Platform\\BackEnd_Project_Pokhilevych-Shevchyk-Shishkovska\\models\\department.model.js","statementMap":{"0":{"start":{"line":1,"column":11},"end":{"line":1,"column":26}},"1":{"start":{"line":5,"column":19},"end":{"line":9,"column":1}},"2":{"start":{"line":6,"column":4},"end":{"line":6,"column":28}},"3":{"start":{"line":7,"column":4},"end":{"line":7,"column":40}},"4":{"start":{"line":8,"column":4},"end":{"line":8,"column":54}},"5":{"start":{"line":11,"column":0},"end":{"line":15,"column":2}},"6":{"start":{"line":12,"column":18},"end":{"line":12,"column":44}},"7":{"start":{"line":13,"column":17},"end":{"line":13,"column":38}},"8":{"start":{"line":14,"column":4},"end":{"line":14,"column":16}},"9":{"start":{"line":17,"column":0},"end":{"line":17,"column":28}}},"fnMap":{"0":{"name":"(anonymous_0)","decl":{"start":{"line":5,"column":19},"end":{"line":5,"column":20}},"loc":{"start":{"line":5,"column":41},"end":{"line":9,"column":1}},"line":5},"1":{"name":"(anonymous_1)","decl":{"start":{"line":11,"column":20},"end":{"line":11,"column":21}},"loc":{"start":{"line":11,"column":32},"end":{"line":15,"column":1}},"line":11}},"branchMap":{},"s":{"0":1,"1":1,"2":0,"3":0,"4":0,"5":1,"6":0,"7":0,"8":0,"9":1},"f":{"0":0,"1":0},"b":{},"_coverageSchema":"1a1c01bbd47fc00a2c39e90264f33305004495a9","hash":"32dda455f46366784bd1684891cc9563702c5d99"}
,"C:\\Users\\admin\\Desktop\\c file\\labs(backend)\\API Voiting Platform\\BackEnd_Project_Pokhilevych-Shevchyk-Shishkovska\\models\\poll.model.js": {"path":"C:\\Users\\admin\\Desktop\\c file\\labs(backend)\\API Voiting Platform\\BackEnd_Project_Pokhilevych-Shevchyk-Shishkovska\\models\\poll.model.js","statementMap":{"0":{"start":{"line":1,"column":17},"end":{"line":1,"column":36}},"1":{"start":{"line":3,"column":19},"end":{"line":10,"column":1}},"2":{"start":{"line":12,"column":0},"end":{"line":12,"column":52}}},"fnMap":{},"branchMap":{},"s":{"0":4,"1":4,"2":4},"f":{},"b":{},"_coverageSchema":"1a1c01bbd47fc00a2c39e90264f33305004495a9","hash":"dc0038e7092e3adf393217ecb2ca24ebc143539d"}
,"C:\\Users\\admin\\Desktop\\c file\\labs(backend)\\API Voiting Platform\\BackEnd_Project_Pokhilevych-Shevchyk-Shishkovska\\models\\voter.model.js": {"path":"C:\\Users\\admin\\Desktop\\c file\\labs(backend)\\API Voiting Platform\\BackEnd_Project_Pokhilevych-Shevchyk-Shishkovska\\models\\voter.model.js","statementMap":{"0":{"start":{"line":1,"column":17},"end":{"line":1,"column":36}},"1":{"start":{"line":3,"column":20},"end":{"line":6,"column":2}},"2":{"start":{"line":8,"column":0},"end":{"line":8,"column":54}}},"fnMap":{},"branchMap":{},"s":{"0":2,"1":2,"2":2},"f":{},"b":{},"_coverageSchema":"1a1c01bbd47fc00a2c39e90264f33305004495a9","hash":"4801afca9b1756127d6279fb87fa5df41269b39a"}
,"C:\\Users\\admin\\Desktop\\c file\\labs(backend)\\API Voiting Platform\\BackEnd_Project_Pokhilevych-Shevchyk-Shishkovska\\routes\\analytics.js": {"path":"C:\\Users\\admin\\Desktop\\c file\\labs(backend)\\API Voiting Platform\\BackEnd_Project_Pokhilevych-Shevchyk-Shishkovska\\routes\\analytics.js","statementMap":{"0":{"start":{"line":1,"column":16},"end":{"line":1,"column":34}},"1":{"start":{"line":3,"column":15},"end":{"line":3,"column":31}},"2":{"start":{"line":5,"column":51},"end":{"line":5,"column":97}},"3":{"start":{"line":56,"column":0},"end":{"line":56,"column":46}},"4":{"start":{"line":132,"column":0},"end":{"line":132,"column":55}},"5":{"start":{"line":134,"column":0},"end":{"line":134,"column":24}}},"fnMap":{},"branchMap":{},"s":{"0":1,"1":1,"2":1,"3":1,"4":1,"5":1},"f":{},"b":{},"_coverageSchema":"1a1c01bbd47fc00a2c39e90264f33305004495a9","hash":"06d780e6bd12f0fd99af34e122db4aa5b19847c7"}
,"C:\\Users\\admin\\Desktop\\c file\\labs(backend)\\API Voiting Platform\\BackEnd_Project_Pokhilevych-Shevchyk-Shishkovska\\routes\\index.js": {"path":"C:\\Users\\admin\\Desktop\\c file\\labs(backend)\\API Voiting Platform\\BackEnd_Project_Pokhilevych-Shevchyk-Shishkovska\\routes\\index.js","statementMap":{"0":{"start":{"line":1,"column":16},"end":{"line":1,"column":34}},"1":{"start":{"line":3,"column":15},"end":{"line":3,"column":31}},"2":{"start":{"line":6,"column":13},"end":{"line":6,"column":44}},"3":{"start":{"line":7,"column":18},"end":{"line":7,"column":54}},"4":{"start":{"line":8,"column":14},"end":{"line":8,"column":46}},"5":{"start":{"line":9,"column":15},"end":{"line":9,"column":48}},"6":{"start":{"line":12,"column":0},"end":{"line":14,"column":3}},"7":{"start":{"line":13,"column":4},"end":{"line":13,"column":62}},"8":{"start":{"line":23,"column":0},"end":{"line":121,"column":3}},"9":{"start":{"line":24,"column":4},"end":{"line":120,"column":5}},"10":{"start":{"line":26,"column":8},"end":{"line":26,"column":34}},"11":{"start":{"line":27,"column":8},"end":{"line":27,"column":39}},"12":{"start":{"line":28,"column":8},"end":{"line":28,"column":35}},"13":{"start":{"line":29,"column":8},"end":{"line":29,"column":36}},"14":{"start":{"line":32,"column":26},"end":{"line":48,"column":9}},"15":{"start":{"line":51,"column":67},"end":{"line":51,"column":99}},"16":{"start":{"line":54,"column":31},"end":{"line":83,"column":9}},"17":{"start":{"line":85,"column":8},"end":{"line":85,"column":51}},"18":{"start":{"line":88,"column":27},"end":{"line":94,"column":9}},"19":{"start":{"line":96,"column":8},"end":{"line":96,"column":43}},"20":{"start":{"line":99,"column":8},"end":{"line":113,"column":11}},"21":{"start":{"line":115,"column":8},"end":{"line":115,"column":29}},"22":{"start":{"line":116,"column":8},"end":{"line":119,"column":11}},"23":{"start":{"line":127,"column":0},"end":{"line":144,"column":3}},"24":{"start":{"line":128,"column":4},"end":{"line":143,"column":5}},"25":{"start":{"line":129,"column":38},"end":{"line":129,"column":46}},"26":{"start":{"line":132,"column":30},"end":{"line":132,"column":62}},"27":{"start":{"line":133,"column":8},"end":{"line":135,"column":9}},"28":{"start":{"line":134,"column":12},"end":{"line":134,"column":93}},"29":{"start":{"line":137,"column":25},"end":{"line":137,"column":57}},"30":{"start":{"line":138,"column":8},"end":{"line":138,"column":30}},"31":{"start":{"line":140,"column":8},"end":{"line":140,"column":87}},"32":{"start":{"line":142,"column":8},"end":{"line":142,"column":55}},"33":{"start":{"line":146,"column":0},"end":{"line":146,"column":24}}},"fnMap":{"0":{"name":"(anonymous_0)","decl":{"start":{"line":12,"column":16},"end":{"line":12,"column":17}},"loc":{"start":{"line":12,"column":42},"end":{"line":14,"column":1}},"line":12},"1":{"name":"(anonymous_1)","decl":{"start":{"line":23,"column":20},"end":{"line":23,"column":21}},"loc":{"start":{"line":23,"column":40},"end":{"line":121,"column":1}},"line":23},"2":{"name":"(anonymous_2)","decl":{"start":{"line":127,"column":26},"end":{"line":127,"column":27}},"loc":{"start":{"line":127,"column":46},"end":{"line":144,"column":1}},"line":127}},"branchMap":{"0":{"loc":{"start":{"line":133,"column":8},"end":{"line":135,"column":9}},"type":"if","locations":[{"start":{"line":133,"column":8},"end":{"line":135,"column":9}},{"start":{},"end":{}}],"line":133}},"s":{"0":1,"1":1,"2":1,"3":1,"4":1,"5":1,"6":1,"7":0,"8":1,"9":0,"10":0,"11":0,"12":0,"13":0,"14":0,"15":0,"16":0,"17":0,"18":0,"19":0,"20":0,"21":0,"22":0,"23":1,"24":1,"25":1,"26":1,"27":1,"28":0,"29":1,"30":1,"31":0,"32":1,"33":1},"f":{"0":0,"1":0,"2":1},"b":{"0":[0,1]},"_coverageSchema":"1a1c01bbd47fc00a2c39e90264f33305004495a9","hash":"9205ef0408c21062479b67ba2ff9457fd94ba3af"}
,"C:\\Users\\admin\\Desktop\\c file\\labs(backend)\\API Voiting Platform\\BackEnd_Project_Pokhilevych-Shevchyk-Shishkovska\\routes\\polls.js": {"path":"C:\\Users\\admin\\Desktop\\c file\\labs(backend)\\API Voiting Platform\\BackEnd_Project_Pokhilevych-Shevchyk-Shishkovska\\routes\\polls.js","statementMap":{"0":{"start":{"line":1,"column":16},"end":{"line":1,"column":34}},"1":{"start":{"line":3,"column":15},"end":{"line":3,"column":31}},"2":{"start":{"line":12,"column":4},"end":{"line":12,"column":46}},"3":{"start":{"line":84,"column":0},"end":{"line":84,"column":29}},"4":{"start":{"line":118,"column":0},"end":{"line":118,"column":29}},"5":{"start":{"line":141,"column":0},"end":{"line":141,"column":36}},"6":{"start":{"line":181,"column":0},"end":{"line":181,"column":49}},"7":{"start":{"line":204,"column":0},"end":{"line":204,"column":42}},"8":{"start":{"line":249,"column":0},"end":{"line":249,"column":38}},"9":{"start":{"line":251,"column":0},"end":{"line":251,"column":24}}},"fnMap":{},"branchMap":{},"s":{"0":1,"1":1,"2":1,"3":1,"4":1,"5":1,"6":1,"7":1,"8":1,"9":1},"f":{},"b":{},"_coverageSchema":"1a1c01bbd47fc00a2c39e90264f33305004495a9","hash":"a38fc9ae5e0f2c01f758408ee5ea4bd280a26204"}
,"C:\\Users\\admin\\Desktop\\c file\\labs(backend)\\API Voiting Platform\\BackEnd_Project_Pokhilevych-Shevchyk-Shishkovska\\routes\\users.js": {"path":"C:\\Users\\admin\\Desktop\\c file\\labs(backend)\\API Voiting Platform\\BackEnd_Project_Pokhilevych-Shevchyk-Shishkovska\\routes\\users.js","statementMap":{"0":{"start":{"line":1,"column":16},"end":{"line":1,"column":34}},"1":{"start":{"line":2,"column":30},"end":{"line":2,"column":72}},"2":{"start":{"line":4,"column":15},"end":{"line":4,"column":31}},"3":{"start":{"line":7,"column":0},"end":{"line":7,"column":26}},"4":{"start":{"line":9,"column":0},"end":{"line":9,"column":29}},"5":{"start":{"line":11,"column":0},"end":{"line":11,"column":24}}},"fnMap":{},"branchMap":{},"s":{"0":1,"1":1,"2":1,"3":1,"4":1,"5":1},"f":{},"b":{},"_coverageSchema":"1a1c01bbd47fc00a2c39e90264f33305004495a9","hash":"7372f885d3237d12667f7831ce415d35da6b5d8e"}
,"C:\\Users\\admin\\Desktop\\c file\\labs(backend)\\API Voiting Platform\\BackEnd_Project_Pokhilevych-Shevchyk-Shishkovska\\routes\\votes.js": {"path":"C:\\Users\\admin\\Desktop\\c file\\labs(backend)\\API Voiting Platform\\BackEnd_Project_Pokhilevych-Shevchyk-Shishkovska\\routes\\votes.js","statementMap":{"0":{"start":{"line":1,"column":16},"end":{"line":1,"column":34}},"1":{"start":{"line":3,"column":15},"end":{"line":3,"column":31}},"2":{"start":{"line":10,"column":4},"end":{"line":10,"column":46}},"3":{"start":{"line":86,"column":0},"end":{"line":86,"column":27}},"4":{"start":{"line":143,"column":0},"end":{"line":143,"column":31}},"5":{"start":{"line":192,"column":0},"end":{"line":192,"column":38}},"6":{"start":{"line":251,"column":0},"end":{"line":251,"column":47}},"7":{"start":{"line":253,"column":0},"end":{"line":253,"column":24}}},"fnMap":{},"branchMap":{},"s":{"0":1,"1":1,"2":1,"3":1,"4":1,"5":1,"6":1,"7":1},"f":{},"b":{},"_coverageSchema":"1a1c01bbd47fc00a2c39e90264f33305004495a9","hash":"81080a3e37ca5d087ff8afa7b656b08086e5f044"}
}
