TN:
SF:controllers\analytics.controller.js
FN:18,buildHourlyTimeline
FN:23,(anonymous_1)
FN:38,(anonymous_2)
FN:41,(anonymous_3)
FN:50,(anonymous_4)
FN:62,(anonymous_5)
FN:68,(anonymous_6)
FN:137,(anonymous_7)
FN:155,(anonymous_8)
FN:182,(anonymous_9)
FNF:10
FNH:10
FNDA:8,buildHourlyTimeline
FNDA:7,(anonymous_1)
FNDA:1,(anonymous_2)
FNDA:4,(anonymous_3)
FNDA:11,(anonymous_4)
FNDA:9,(anonymous_5)
FNDA:9,(anonymous_6)
FNDA:4,(anonymous_7)
FNDA:2,(anonymous_8)
FNDA:2,(anonymous_9)
DA:6,1
DA:7,1
DA:8,1
DA:9,1
DA:19,8
DA:21,5
DA:23,5
DA:25,7
DA:26,7
DA:28,6
DA:31,6
DA:33,5
DA:34,5
DA:35,5
DA:38,5
DA:40,5
DA:41,5
DA:42,4
DA:43,4
DA:50,1
DA:51,11
DA:52,11
DA:54,9
DA:55,1
DA:58,8
DA:62,9
DA:63,8
DA:66,8
DA:68,9
DA:77,8
DA:78,8
DA:81,8
DA:82,1
DA:90,7
DA:91,5
DA:100,2
DA:103,8
DA:107,8
DA:109,8
DA:127,2
DA:128,1
DA:130,1
DA:137,1
DA:138,4
DA:139,4
DA:146,3
DA:148,3
DA:154,3
DA:156,2
DA:157,2
DA:166,3
DA:171,3
DA:182,2
DA:188,1
DA:192,1
LF:55
LH:55
BRDA:19,0,0,3
BRDA:19,0,1,5
BRDA:25,1,0,7
BRDA:25,1,1,2
BRDA:26,2,0,1
BRDA:26,2,1,6
BRDA:31,3,0,1
BRDA:31,3,1,5
BRDA:35,4,0,5
BRDA:35,4,1,4
BRDA:54,5,0,1
BRDA:54,5,1,8
BRDA:66,6,0,7
BRDA:66,6,1,1
BRDA:71,7,0,9
BRDA:71,7,1,1
BRDA:74,8,0,8
BRDA:74,8,1,1
BRDA:77,9,0,7
BRDA:77,9,1,1
BRDA:78,10,0,8
BRDA:78,10,1,2
BRDA:78,10,2,2
BRDA:81,11,0,1
BRDA:81,11,1,7
BRDA:90,12,0,5
BRDA:90,12,1,2
BRDA:90,13,0,7
BRDA:90,13,1,6
BRDA:114,14,0,8
BRDA:114,14,1,5
BRDA:127,15,0,1
BRDA:127,15,1,1
BRDA:159,16,0,1
BRDA:159,16,1,1
BRDA:160,17,0,1
BRDA:160,17,1,1
BRDA:179,18,0,2
BRDA:179,18,1,1
BRDA:183,19,0,2
BRDA:183,19,1,1
BRF:41
BRH:41
end_of_record
TN:
SF:controllers\auth.controller.js
FN:15,signToken
FN:23,(anonymous_1)
FN:71,(anonymous_2)
FN:110,(anonymous_3)
FNF:4
FNH:4
FNDA:2,signToken
FNDA:5,(anonymous_1)
FNDA:5,(anonymous_2)
FNDA:3,(anonymous_3)
DA:7,1
DA:8,1
DA:9,1
DA:10,1
DA:12,1
DA:13,1
DA:16,2
DA:23,1
DA:24,5
DA:25,5
DA:27,5
DA:28,1
DA:30,4
DA:31,1
DA:34,3
DA:35,2
DA:36,1
DA:39,1
DA:41,1
DA:48,1
DA:50,1
DA:52,1
DA:63,1
DA:71,1
DA:72,5
DA:73,5
DA:75,5
DA:76,1
DA:79,4
DA:80,3
DA:81,1
DA:84,2
DA:85,2
DA:86,1
DA:89,1
DA:91,1
DA:102,1
DA:110,1
DA:111,3
DA:112,3
DA:113,2
DA:114,1
DA:116,1
DA:118,1
DA:122,1
LF:45
LH:45
BRDA:12,0,0,1
BRDA:12,0,1,0
BRDA:13,1,0,1
BRDA:13,1,1,0
BRDA:27,2,0,1
BRDA:27,2,1,4
BRDA:27,3,0,5
BRDA:27,3,1,4
BRDA:27,3,2,4
BRDA:30,4,0,1
BRDA:30,4,1,3
BRDA:35,5,0,1
BRDA:35,5,1,1
BRDA:75,6,0,1
BRDA:75,6,1,4
BRDA:75,7,0,5
BRDA:75,7,1,4
BRDA:80,8,0,1
BRDA:80,8,1,2
BRDA:85,9,0,1
BRDA:85,9,1,1
BRDA:113,10,0,1
BRDA:113,10,1,1
BRF:23
BRH:21
end_of_record
TN:
SF:controllers\polls.controller.js
FN:13,(anonymous_0)
FN:51,(anonymous_1)
FN:70,(anonymous_2)
FN:100,(anonymous_3)
FN:119,(anonymous_4)
FN:171,(anonymous_5)
FN:198,(anonymous_6)
FNF:7
FNH:7
FNDA:8,(anonymous_0)
FNDA:2,(anonymous_1)
FNDA:8,(anonymous_2)
FNDA:4,(anonymous_3)
FNDA:8,(anonymous_4)
FNDA:5,(anonymous_5)
FNDA:5,(anonymous_6)
DA:1,1
DA:2,1
DA:3,1
DA:11,1
DA:13,1
DA:14,8
DA:15,8
DA:17,8
DA:18,8
DA:19,1
DA:22,7
DA:23,7
DA:24,1
DA:27,6
DA:28,5
DA:29,1
DA:34,4
DA:35,3
DA:36,3
DA:37,1
DA:41,3
DA:48,3
DA:50,3
DA:51,2
DA:57,1
DA:60,3
DA:66,1
DA:70,1
DA:71,8
DA:72,8
DA:74,8
DA:76,8
DA:77,5
DA:78,5
DA:79,1
DA:81,4
DA:84,7
DA:85,4
DA:86,4
DA:87,3
DA:89,1
DA:92,4
DA:94,3
DA:96,1
DA:100,1
DA:101,4
DA:102,4
DA:104,2
DA:105,1
DA:108,1
DA:110,1
DA:112,2
DA:113,1
DA:115,1
DA:119,1
DA:120,8
DA:121,8
DA:122,8
DA:124,8
DA:125,8
DA:126,1
DA:129,7
DA:131,5
DA:132,1
DA:135,4
DA:136,1
DA:141,3
DA:146,3
DA:147,1
DA:152,2
DA:159,2
DA:164,2
DA:165,1
DA:167,1
DA:171,1
DA:172,5
DA:173,5
DA:175,3
DA:176,1
DA:179,2
DA:180,1
DA:183,1
DA:184,1
DA:186,1
DA:191,2
DA:192,1
DA:194,1
DA:198,1
DA:199,5
DA:200,5
DA:202,3
DA:203,1
DA:206,2
DA:207,1
DA:213,1
DA:214,1
DA:215,1
DA:216,1
DA:218,1
DA:226,2
DA:227,1
DA:229,1
DA:233,1
LF:103
LH:103
BRDA:18,0,0,1
BRDA:18,0,1,7
BRDA:23,1,0,1
BRDA:23,1,1,6
BRDA:28,2,0,1
BRDA:28,2,1,4
BRDA:34,3,0,3
BRDA:34,3,1,1
BRDA:36,4,0,1
BRDA:36,4,1,2
BRDA:44,5,0,1
BRDA:44,5,1,2
BRDA:50,6,0,1
BRDA:50,6,1,2
BRDA:50,7,0,3
BRDA:50,7,1,2
BRDA:53,8,0,1
BRDA:53,8,1,1
BRDA:76,9,0,5
BRDA:76,9,1,3
BRDA:78,10,0,1
BRDA:78,10,1,4
BRDA:84,11,0,4
BRDA:84,11,1,3
BRDA:86,12,0,3
BRDA:86,12,1,1
BRDA:104,13,0,1
BRDA:104,13,1,1
BRDA:112,14,0,1
BRDA:112,14,1,1
BRDA:125,15,0,1
BRDA:125,15,1,7
BRDA:131,16,0,1
BRDA:131,16,1,4
BRDA:135,17,0,1
BRDA:135,17,1,3
BRDA:146,18,0,1
BRDA:146,18,1,2
BRDA:154,19,0,1
BRDA:154,19,1,1
BRDA:164,20,0,1
BRDA:164,20,1,1
BRDA:175,21,0,1
BRDA:175,21,1,2
BRDA:179,22,0,1
BRDA:179,22,1,1
BRDA:191,23,0,1
BRDA:191,23,1,1
BRDA:202,24,0,1
BRDA:202,24,1,2
BRDA:206,25,0,1
BRDA:206,25,1,1
BRDA:226,26,0,1
BRDA:226,26,1,1
BRF:54
BRH:54
end_of_record
TN:
SF:controllers\votes.controller.js
FN:16,(anonymous_0)
FN:91,(anonymous_1)
FN:138,(anonymous_2)
FN:149,(anonymous_3)
FN:151,(anonymous_4)
FN:182,(anonymous_5)
FNF:6
FNH:6
FNDA:11,(anonymous_0)
FNDA:7,(anonymous_1)
FNDA:6,(anonymous_2)
FNDA:4,(anonymous_3)
FNDA:4,(anonymous_4)
FNDA:8,(anonymous_5)
DA:1,1
DA:2,1
DA:3,1
DA:4,1
DA:9,1
DA:16,1
DA:17,11
DA:18,11
DA:20,11
DA:21,1
DA:25,10
DA:27,10
DA:28,8
DA:29,1
DA:34,7
DA:35,7
DA:36,1
DA:39,6
DA:40,6
DA:41,1
DA:44,5
DA:45,5
DA:46,1
DA:49,4
DA:50,4
DA:51,1
DA:54,3
DA:55,3
DA:56,1
DA:61,2
DA:67,1
DA:69,1
DA:79,3
DA:80,1
DA:84,2
DA:85,1
DA:87,1
DA:91,1
DA:92,7
DA:93,7
DA:95,7
DA:96,7
DA:97,1
DA:100,6
DA:101,5
DA:102,1
DA:105,4
DA:106,3
DA:107,1
DA:110,2
DA:115,2
DA:116,1
DA:122,1
DA:131,2
DA:132,1
DA:134,1
DA:138,1
DA:139,6
DA:140,6
DA:141,4
DA:142,1
DA:145,3
DA:149,4
DA:151,4
DA:160,3
DA:171,2
DA:172,1
DA:174,1
DA:182,1
DA:183,8
DA:184,8
DA:185,8
DA:187,8
DA:188,1
DA:191,7
DA:192,5
DA:193,1
DA:196,4
DA:197,4
DA:198,1
DA:201,3
DA:202,3
DA:203,1
DA:208,2
DA:209,2
DA:210,1
DA:213,1
DA:214,1
DA:216,1
DA:221,2
DA:222,1
DA:224,1
DA:228,1
LF:93
LH:93
BRDA:20,0,0,1
BRDA:20,0,1,10
BRDA:20,1,0,11
BRDA:20,1,1,10
BRDA:28,2,0,1
BRDA:28,2,1,7
BRDA:35,3,0,1
BRDA:35,3,1,6
BRDA:40,4,0,1
BRDA:40,4,1,5
BRDA:45,5,0,1
BRDA:45,5,1,4
BRDA:50,6,0,1
BRDA:50,6,1,3
BRDA:55,7,0,1
BRDA:55,7,1,2
BRDA:75,8,0,1
BRDA:75,8,1,1
BRDA:79,9,0,1
BRDA:79,9,1,2
BRDA:84,10,0,1
BRDA:84,10,1,1
BRDA:96,11,0,1
BRDA:96,11,1,6
BRDA:101,12,0,1
BRDA:101,12,1,4
BRDA:106,13,0,1
BRDA:106,13,1,2
BRDA:115,14,0,1
BRDA:115,14,1,1
BRDA:127,15,0,1
BRDA:127,15,1,1
BRDA:131,16,0,1
BRDA:131,16,1,1
BRDA:141,17,0,1
BRDA:141,17,1,3
BRDA:154,18,0,4
BRDA:154,18,1,1
BRDA:157,19,0,3
BRDA:157,19,1,1
BRDA:171,20,0,1
BRDA:171,20,1,1
BRDA:187,21,0,1
BRDA:187,21,1,7
BRDA:192,22,0,1
BRDA:192,22,1,4
BRDA:197,23,0,1
BRDA:197,23,1,3
BRDA:202,24,0,1
BRDA:202,24,1,2
BRDA:209,25,0,1
BRDA:209,25,1,1
BRDA:221,26,0,1
BRDA:221,26,1,1
BRF:54
BRH:54
end_of_record
TN:
SF:helpers\poll.helpers.js
FN:11,(anonymous_0)
FN:29,(anonymous_1)
FN:44,(anonymous_2)
FN:56,(anonymous_3)
FN:68,(anonymous_4)
FNF:5
FNH:5
FNDA:8,(anonymous_0)
FNDA:8,(anonymous_1)
FNDA:54,(anonymous_2)
FNDA:3,(anonymous_3)
FNDA:3,(anonymous_4)
DA:11,1
DA:12,8
DA:13,2
DA:15,6
DA:16,1
DA:18,5
DA:19,1
DA:21,4
DA:29,1
DA:30,8
DA:31,2
DA:33,6
DA:34,1
DA:36,5
DA:37,1
DA:39,4
DA:40,56
DA:41,1
DA:44,54
DA:45,3
DA:46,1
DA:48,2
DA:56,1
DA:57,3
DA:58,2
DA:60,1
DA:68,1
DA:69,3
DA:70,1
DA:75,2
DA:78,1
LF:31
LH:31
BRDA:12,0,0,2
BRDA:12,0,1,6
BRDA:12,1,0,8
BRDA:12,1,1,7
BRDA:15,2,0,1
BRDA:15,2,1,5
BRDA:18,3,0,1
BRDA:18,3,1,4
BRDA:30,4,0,2
BRDA:30,4,1,6
BRDA:33,5,0,1
BRDA:33,5,1,5
BRDA:36,6,0,1
BRDA:36,6,1,4
BRDA:40,7,0,1
BRDA:40,7,1,55
BRDA:40,8,0,56
BRDA:40,8,1,55
BRDA:45,9,0,1
BRDA:45,9,1,2
BRDA:57,10,0,2
BRDA:57,10,1,1
BRDA:57,11,0,3
BRDA:57,11,1,2
BRDA:69,12,0,1
BRDA:69,12,1,2
BRF:26
BRH:26
end_of_record
TN:
SF:helpers\vote.helpers.js
FN:13,(anonymous_0)
FN:29,(anonymous_1)
FN:45,(anonymous_2)
FN:61,(anonymous_3)
FN:76,(anonymous_4)
FNF:5
FNH:5
FNDA:5,(anonymous_0)
FNDA:3,(anonymous_1)
FNDA:3,(anonymous_2)
FNDA:2,(anonymous_3)
FNDA:2,(anonymous_4)
DA:13,1
DA:14,5
DA:15,4
DA:20,1
DA:29,1
DA:30,3
DA:31,2
DA:36,1
DA:45,1
DA:46,3
DA:47,2
DA:52,1
DA:61,1
DA:62,2
DA:63,1
DA:68,1
DA:76,1
DA:77,2
DA:78,1
DA:83,1
DA:86,1
LF:21
LH:21
BRDA:14,0,0,4
BRDA:14,0,1,1
BRDA:14,1,0,5
BRDA:14,1,1,3
BRDA:14,1,2,2
BRDA:30,2,0,2
BRDA:30,2,1,1
BRDA:30,3,0,3
BRDA:30,3,1,2
BRDA:46,4,0,2
BRDA:46,4,1,1
BRDA:46,5,0,3
BRDA:46,5,1,2
BRDA:62,6,0,1
BRDA:62,6,1,1
BRDA:77,7,0,1
BRDA:77,7,1,1
BRF:17
BRH:17
end_of_record
TN:
SF:middleware\auth.middleware.js
FN:20,(anonymous_0)
FN:55,(anonymous_1)
FN:97,(anonymous_2)
FNF:3
FNH:3
FNDA:7,(anonymous_0)
FNDA:8,(anonymous_1)
FNDA:6,(anonymous_2)
DA:9,1
DA:10,1
DA:11,1
DA:12,1
DA:14,1
DA:20,1
DA:21,7
DA:22,7
DA:24,7
DA:25,2
DA:30,5
DA:31,5
DA:33,3
DA:34,2
DA:35,1
DA:38,1
DA:39,1
DA:41,3
DA:42,1
DA:44,2
DA:45,1
DA:47,1
DA:55,1
DA:57,8
DA:58,8
DA:60,8
DA:61,1
DA:65,7
DA:66,7
DA:68,7
DA:69,1
DA:74,6
DA:75,6
DA:77,4
DA:78,3
DA:79,2
DA:84,1
DA:85,1
DA:87,3
DA:88,2
DA:90,1
DA:97,1
DA:98,6
DA:99,6
DA:101,6
DA:102,1
DA:105,5
DA:107,3
DA:108,1
DA:111,2
DA:112,1
DA:117,1
DA:118,1
DA:120,2
DA:121,1
DA:123,1
DA:127,1
LF:57
LH:57
BRDA:14,0,0,1
BRDA:14,0,1,0
BRDA:24,1,0,2
BRDA:24,1,1,5
BRDA:24,2,0,7
BRDA:24,2,1,6
BRDA:34,3,0,1
BRDA:34,3,1,1
BRDA:41,4,0,1
BRDA:41,4,1,2
BRDA:44,5,0,1
BRDA:44,5,1,1
BRDA:60,6,0,1
BRDA:60,6,1,7
BRDA:60,7,0,8
BRDA:60,7,1,8
BRDA:68,8,0,1
BRDA:68,8,1,6
BRDA:68,9,0,7
BRDA:68,9,1,6
BRDA:78,10,0,2
BRDA:78,10,1,1
BRDA:78,11,0,3
BRDA:78,11,1,2
BRDA:87,12,0,2
BRDA:87,12,1,1
BRDA:87,13,0,3
BRDA:87,13,1,2
BRDA:101,14,0,1
BRDA:101,14,1,5
BRDA:107,15,0,1
BRDA:107,15,1,2
BRDA:111,16,0,1
BRDA:111,16,1,1
BRDA:120,17,0,1
BRDA:120,17,1,1
BRF:36
BRH:35
end_of_record
TN:
SF:middleware\errorHandler.js
FN:10,(anonymous_0)
FN:44,(anonymous_1)
FNF:2
FNH:2
FNDA:13,(anonymous_0)
FNDA:1,(anonymous_1)
DA:10,1
DA:12,13
DA:15,13
DA:16,13
DA:25,13
DA:26,12
DA:27,12
DA:28,1
DA:31,1
DA:35,13
DA:36,1
DA:43,12
DA:44,1
DA:48,1
DA:55,11
DA:56,2
DA:57,2
DA:65,9
DA:66,1
DA:69,8
DA:70,1
DA:74,7
DA:75,1
DA:82,6
DA:84,6
DA:91,1
LF:26
LH:26
BRDA:12,0,0,13
BRDA:12,0,1,10
BRDA:12,0,2,10
BRDA:25,1,0,12
BRDA:25,1,1,1
BRDA:27,2,0,1
BRDA:27,2,1,11
BRDA:35,3,0,1
BRDA:35,3,1,12
BRDA:43,4,0,1
BRDA:43,4,1,11
BRDA:55,5,0,2
BRDA:55,5,1,9
BRDA:56,6,0,2
BRDA:56,6,1,1
BRDA:56,7,0,2
BRDA:56,7,1,0
BRDA:65,8,0,1
BRDA:65,8,1,8
BRDA:69,9,0,1
BRDA:69,9,1,7
BRDA:74,10,0,1
BRDA:74,10,1,6
BRDA:85,11,0,6
BRDA:85,11,1,1
BRDA:86,12,0,6
BRDA:86,12,1,6
BRDA:87,13,0,6
BRDA:87,13,1,1
BRF:29
BRH:28
end_of_record
TN:
SF:models\ballot.model.js
FNF:0
FNH:0
DA:1,4
DA:3,4
DA:10,4
DA:12,4
LF:4
LH:4
BRF:0
BRH:0
end_of_record
TN:
SF:models\candidate.model.js
FNF:0
FNH:0
DA:1,4
DA:3,4
DA:10,4
LF:3
LH:3
BRF:0
BRH:0
end_of_record
TN:
SF:models\poll.model.js
FNF:0
FNH:0
DA:1,5
DA:3,5
DA:12,5
LF:3
LH:3
BRF:0
BRH:0
end_of_record
TN:
SF:models\user.model.js
FN:17,(anonymous_0)
FN:22,(anonymous_1)
FNF:2
FNH:2
FNDA:2,(anonymous_0)
FNDA:2,(anonymous_1)
DA:1,3
DA:2,3
DA:4,3
DA:17,3
DA:18,2
DA:19,1
DA:22,3
DA:23,2
DA:26,3
LF:9
LH:9
BRDA:18,0,0,1
BRDA:18,0,1,1
BRF:2
BRH:2
end_of_record
TN:
SF:models\voter.model.js
FN:14,(anonymous_0)
FN:19,(anonymous_1)
FNF:2
FNH:2
FNDA:3,(anonymous_0)
FNDA:3,(anonymous_1)
DA:1,4
DA:2,4
DA:4,4
DA:14,4
DA:15,3
DA:16,1
DA:19,4
DA:20,3
DA:21,2
DA:24,4
LF:10
LH:10
BRDA:15,0,0,2
BRDA:15,0,1,1
BRDA:15,1,0,3
BRDA:15,1,1,2
BRDA:20,2,0,1
BRDA:20,2,1,2
BRF:6
BRH:6
end_of_record
