TN:
SF:controllers\analytics.controller.js
FN:18,buildHourlyTimeline
FN:23,(anonymous_1)
FN:38,(anonymous_2)
FN:41,(anonymous_3)
FN:50,(anonymous_4)
FN:62,(anonymous_5)
FN:68,(anonymous_6)
FN:137,(anonymous_7)
FN:155,(anonymous_8)
FN:182,(anonymous_9)
FNF:10
FNH:10
FNDA:5,buildHourlyTimeline
FNDA:4,(anonymous_1)
FNDA:1,(anonymous_2)
FNDA:3,(anonymous_3)
FNDA:8,(anonymous_4)
FNDA:6,(anonymous_5)
FNDA:6,(anonymous_6)
FNDA:4,(anonymous_7)
FNDA:2,(anonymous_8)
FNDA:2,(anonymous_9)
DA:6,1
DA:7,1
DA:8,1
DA:9,1
DA:19,5
DA:21,2
DA:23,2
DA:25,4
DA:26,4
DA:28,4
DA:31,4
DA:33,4
DA:34,4
DA:35,4
DA:38,2
DA:40,2
DA:41,2
DA:42,3
DA:43,3
DA:50,1
DA:51,8
DA:52,8
DA:54,6
DA:55,1
DA:58,5
DA:62,6
DA:63,5
DA:66,5
DA:68,6
DA:77,5
DA:78,5
DA:81,5
DA:82,1
DA:90,4
DA:91,2
DA:100,2
DA:103,5
DA:107,5
DA:109,5
DA:127,2
DA:128,1
DA:130,1
DA:137,1
DA:138,4
DA:139,4
DA:146,3
DA:148,3
DA:154,3
DA:156,2
DA:157,2
DA:166,3
DA:171,3
DA:182,2
DA:188,1
DA:192,1
LF:55
LH:55
BRDA:19,0,0,3
BRDA:19,0,1,2
BRDA:25,1,0,4
BRDA:25,1,1,0
BRDA:26,2,0,0
BRDA:26,2,1,4
BRDA:31,3,0,0
BRDA:31,3,1,4
BRDA:35,4,0,4
BRDA:35,4,1,3
BRDA:54,5,0,1
BRDA:54,5,1,5
BRDA:66,6,0,4
BRDA:66,6,1,1
BRDA:71,7,0,6
BRDA:71,7,1,1
BRDA:74,8,0,5
BRDA:74,8,1,1
BRDA:77,9,0,4
BRDA:77,9,1,1
BRDA:78,10,0,5
BRDA:78,10,1,2
BRDA:78,10,2,2
BRDA:81,11,0,1
BRDA:81,11,1,4
BRDA:90,12,0,2
BRDA:90,12,1,2
BRDA:90,13,0,4
BRDA:90,13,1,3
BRDA:114,14,0,5
BRDA:114,14,1,2
BRDA:127,15,0,1
BRDA:127,15,1,1
BRDA:159,16,0,1
BRDA:159,16,1,1
BRDA:160,17,0,1
BRDA:160,17,1,1
BRDA:179,18,0,2
BRDA:179,18,1,1
BRDA:183,19,0,2
BRDA:183,19,1,1
BRF:41
BRH:38
end_of_record
TN:
SF:controllers\auth.controller.js
FN:15,signToken
FN:23,(anonymous_1)
FN:71,(anonymous_2)
FN:110,(anonymous_3)
FNF:4
FNH:4
FNDA:2,signToken
FNDA:4,(anonymous_1)
FNDA:4,(anonymous_2)
FNDA:2,(anonymous_3)
DA:7,1
DA:8,1
DA:9,1
DA:10,1
DA:12,1
DA:13,1
DA:16,2
DA:23,1
DA:24,4
DA:25,4
DA:27,4
DA:28,1
DA:30,3
DA:31,0
DA:34,3
DA:35,2
DA:36,1
DA:39,1
DA:41,1
DA:48,1
DA:50,1
DA:52,1
DA:63,1
DA:71,1
DA:72,4
DA:73,4
DA:75,4
DA:76,1
DA:79,3
DA:80,3
DA:81,1
DA:84,2
DA:85,2
DA:86,1
DA:89,1
DA:91,1
DA:102,0
DA:110,1
DA:111,2
DA:112,2
DA:113,2
DA:114,1
DA:116,1
DA:118,0
DA:122,1
LF:45
LH:42
BRDA:12,0,0,1
BRDA:12,0,1,0
BRDA:13,1,0,1
BRDA:13,1,1,0
BRDA:27,2,0,1
BRDA:27,2,1,3
BRDA:27,3,0,4
BRDA:27,3,1,3
BRDA:27,3,2,3
BRDA:30,4,0,0
BRDA:30,4,1,3
BRDA:35,5,0,1
BRDA:35,5,1,1
BRDA:75,6,0,1
BRDA:75,6,1,3
BRDA:75,7,0,4
BRDA:75,7,1,3
BRDA:80,8,0,1
BRDA:80,8,1,2
BRDA:85,9,0,1
BRDA:85,9,1,1
BRDA:113,10,0,1
BRDA:113,10,1,1
BRF:23
BRH:20
end_of_record
TN:
SF:controllers\polls.controller.js
FN:13,(anonymous_0)
FN:51,(anonymous_1)
FN:70,(anonymous_2)
FN:100,(anonymous_3)
FN:119,(anonymous_4)
FN:171,(anonymous_5)
FN:198,(anonymous_6)
FNF:7
FNH:7
FNDA:8,(anonymous_0)
FNDA:2,(anonymous_1)
FNDA:8,(anonymous_2)
FNDA:4,(anonymous_3)
FNDA:8,(anonymous_4)
FNDA:5,(anonymous_5)
FNDA:5,(anonymous_6)
DA:1,1
DA:2,1
DA:3,1
DA:11,1
DA:13,1
DA:14,8
DA:15,8
DA:17,8
DA:18,8
DA:19,1
DA:22,7
DA:23,7
DA:24,1
DA:27,6
DA:28,5
DA:29,1
DA:34,4
DA:35,3
DA:36,3
DA:37,1
DA:41,3
DA:48,3
DA:50,3
DA:51,2
DA:57,1
DA:60,3
DA:66,1
DA:70,1
DA:71,8
DA:72,8
DA:74,8
DA:76,8
DA:77,5
DA:78,5
DA:79,1
DA:81,4
DA:84,7
DA:85,4
DA:86,4
DA:87,3
DA:89,1
DA:92,4
DA:94,3
DA:96,1
DA:100,1
DA:101,4
DA:102,4
DA:104,2
DA:105,1
DA:108,1
DA:110,1
DA:112,2
DA:113,1
DA:115,1
DA:119,1
DA:120,8
DA:121,8
DA:122,8
DA:124,8
DA:125,8
DA:126,1
DA:129,7
DA:131,5
DA:132,1
DA:135,4
DA:136,1
DA:141,3
DA:146,3
DA:147,1
DA:152,2
DA:159,2
DA:164,2
DA:165,1
DA:167,1
DA:171,1
DA:172,5
DA:173,5
DA:175,3
DA:176,1
DA:179,2
DA:180,1
DA:183,1
DA:184,1
DA:186,1
DA:191,2
DA:192,1
DA:194,1
DA:198,1
DA:199,5
DA:200,5
DA:202,3
DA:203,1
DA:206,2
DA:207,1
DA:213,1
DA:214,1
DA:215,1
DA:216,1
DA:218,1
DA:226,2
DA:227,1
DA:229,1
DA:233,1
LF:103
LH:103
BRDA:18,0,0,1
BRDA:18,0,1,7
BRDA:23,1,0,1
BRDA:23,1,1,6
BRDA:28,2,0,1
BRDA:28,2,1,4
BRDA:34,3,0,3
BRDA:34,3,1,1
BRDA:36,4,0,1
BRDA:36,4,1,2
BRDA:44,5,0,1
BRDA:44,5,1,2
BRDA:50,6,0,1
BRDA:50,6,1,2
BRDA:50,7,0,3
BRDA:50,7,1,2
BRDA:53,8,0,1
BRDA:53,8,1,1
BRDA:76,9,0,5
BRDA:76,9,1,3
BRDA:78,10,0,1
BRDA:78,10,1,4
BRDA:84,11,0,4
BRDA:84,11,1,3
BRDA:86,12,0,3
BRDA:86,12,1,1
BRDA:104,13,0,1
BRDA:104,13,1,1
BRDA:112,14,0,1
BRDA:112,14,1,1
BRDA:125,15,0,1
BRDA:125,15,1,7
BRDA:131,16,0,1
BRDA:131,16,1,4
BRDA:135,17,0,1
BRDA:135,17,1,3
BRDA:146,18,0,1
BRDA:146,18,1,2
BRDA:154,19,0,1
BRDA:154,19,1,1
BRDA:164,20,0,1
BRDA:164,20,1,1
BRDA:175,21,0,1
BRDA:175,21,1,2
BRDA:179,22,0,1
BRDA:179,22,1,1
BRDA:191,23,0,1
BRDA:191,23,1,1
BRDA:202,24,0,1
BRDA:202,24,1,2
BRDA:206,25,0,1
BRDA:206,25,1,1
BRDA:226,26,0,1
BRDA:226,26,1,1
BRF:54
BRH:54
end_of_record
TN:
SF:controllers\votes.controller.js
FN:16,(anonymous_0)
FN:91,(anonymous_1)
FN:138,(anonymous_2)
FN:149,(anonymous_3)
FN:151,(anonymous_4)
FN:182,(anonymous_5)
FNF:6
FNH:6
FNDA:9,(anonymous_0)
FNDA:4,(anonymous_1)
FNDA:2,(anonymous_2)
FNDA:2,(anonymous_3)
FNDA:2,(anonymous_4)
FNDA:5,(anonymous_5)
DA:1,1
DA:2,1
DA:3,1
DA:4,1
DA:9,1
DA:16,1
DA:17,9
DA:18,9
DA:20,9
DA:21,1
DA:25,8
DA:27,8
DA:28,7
DA:29,1
DA:34,6
DA:35,6
DA:36,1
DA:39,5
DA:40,5
DA:41,1
DA:44,4
DA:45,4
DA:46,1
DA:49,3
DA:50,3
DA:51,1
DA:54,2
DA:55,2
DA:56,1
DA:61,1
DA:67,1
DA:69,1
DA:79,1
DA:80,0
DA:84,1
DA:85,0
DA:87,1
DA:91,1
DA:92,4
DA:93,4
DA:95,4
DA:96,4
DA:97,1
DA:100,3
DA:101,3
DA:102,1
DA:105,2
DA:106,2
DA:107,0
DA:110,2
DA:115,2
DA:116,1
DA:122,1
DA:131,0
DA:132,0
DA:134,0
DA:138,1
DA:139,2
DA:140,2
DA:141,2
DA:142,1
DA:145,1
DA:149,2
DA:151,2
DA:160,1
DA:171,0
DA:172,0
DA:174,0
DA:182,1
DA:183,5
DA:184,5
DA:185,5
DA:187,5
DA:188,1
DA:191,4
DA:192,4
DA:193,1
DA:196,3
DA:197,3
DA:198,0
DA:201,3
DA:202,3
DA:203,1
DA:208,2
DA:209,2
DA:210,1
DA:213,1
DA:214,1
DA:216,1
DA:221,0
DA:222,0
DA:224,0
DA:228,1
LF:93
LH:80
BRDA:20,0,0,1
BRDA:20,0,1,8
BRDA:20,1,0,9
BRDA:20,1,1,8
BRDA:28,2,0,1
BRDA:28,2,1,6
BRDA:35,3,0,1
BRDA:35,3,1,5
BRDA:40,4,0,1
BRDA:40,4,1,4
BRDA:45,5,0,1
BRDA:45,5,1,3
BRDA:50,6,0,1
BRDA:50,6,1,2
BRDA:55,7,0,1
BRDA:55,7,1,1
BRDA:75,8,0,1
BRDA:75,8,1,1
BRDA:79,9,0,0
BRDA:79,9,1,1
BRDA:84,10,0,0
BRDA:84,10,1,1
BRDA:96,11,0,1
BRDA:96,11,1,3
BRDA:101,12,0,1
BRDA:101,12,1,2
BRDA:106,13,0,0
BRDA:106,13,1,2
BRDA:115,14,0,1
BRDA:115,14,1,1
BRDA:127,15,0,1
BRDA:127,15,1,1
BRDA:131,16,0,0
BRDA:131,16,1,0
BRDA:141,17,0,1
BRDA:141,17,1,1
BRDA:154,18,0,2
BRDA:154,18,1,0
BRDA:157,19,0,2
BRDA:157,19,1,0
BRDA:171,20,0,0
BRDA:171,20,1,0
BRDA:187,21,0,1
BRDA:187,21,1,4
BRDA:192,22,0,1
BRDA:192,22,1,3
BRDA:197,23,0,0
BRDA:197,23,1,3
BRDA:202,24,0,1
BRDA:202,24,1,2
BRDA:209,25,0,1
BRDA:209,25,1,1
BRDA:221,26,0,0
BRDA:221,26,1,0
BRF:54
BRH:42
end_of_record
TN:
SF:helpers\poll.helpers.js
FN:11,(anonymous_0)
FN:29,(anonymous_1)
FN:44,(anonymous_2)
FN:56,(anonymous_3)
FN:68,(anonymous_4)
FNF:5
FNH:5
FNDA:8,(anonymous_0)
FNDA:8,(anonymous_1)
FNDA:54,(anonymous_2)
FNDA:3,(anonymous_3)
FNDA:3,(anonymous_4)
DA:11,1
DA:12,8
DA:13,2
DA:15,6
DA:16,1
DA:18,5
DA:19,1
DA:21,4
DA:29,1
DA:30,8
DA:31,2
DA:33,6
DA:34,1
DA:36,5
DA:37,1
DA:39,4
DA:40,56
DA:41,1
DA:44,54
DA:45,3
DA:46,1
DA:48,2
DA:56,1
DA:57,3
DA:58,2
DA:60,1
DA:68,1
DA:69,3
DA:70,1
DA:75,2
DA:78,1
LF:31
LH:31
BRDA:12,0,0,2
BRDA:12,0,1,6
BRDA:12,1,0,8
BRDA:12,1,1,7
BRDA:15,2,0,1
BRDA:15,2,1,5
BRDA:18,3,0,1
BRDA:18,3,1,4
BRDA:30,4,0,2
BRDA:30,4,1,6
BRDA:33,5,0,1
BRDA:33,5,1,5
BRDA:36,6,0,1
BRDA:36,6,1,4
BRDA:40,7,0,1
BRDA:40,7,1,55
BRDA:40,8,0,56
BRDA:40,8,1,55
BRDA:45,9,0,1
BRDA:45,9,1,2
BRDA:57,10,0,2
BRDA:57,10,1,1
BRDA:57,11,0,3
BRDA:57,11,1,2
BRDA:69,12,0,1
BRDA:69,12,1,2
BRF:26
BRH:26
end_of_record
TN:
SF:helpers\vote.helpers.js
FN:13,(anonymous_0)
FN:29,(anonymous_1)
FN:45,(anonymous_2)
FN:61,(anonymous_3)
FN:76,(anonymous_4)
FNF:5
FNH:5
FNDA:5,(anonymous_0)
FNDA:3,(anonymous_1)
FNDA:3,(anonymous_2)
FNDA:2,(anonymous_3)
FNDA:2,(anonymous_4)
DA:13,1
DA:14,5
DA:15,4
DA:20,1
DA:29,1
DA:30,3
DA:31,2
DA:36,1
DA:45,1
DA:46,3
DA:47,2
DA:52,1
DA:61,1
DA:62,2
DA:63,1
DA:68,1
DA:76,1
DA:77,2
DA:78,1
DA:83,1
DA:86,1
LF:21
LH:21
BRDA:14,0,0,4
BRDA:14,0,1,1
BRDA:14,1,0,5
BRDA:14,1,1,3
BRDA:14,1,2,2
BRDA:30,2,0,2
BRDA:30,2,1,1
BRDA:30,3,0,3
BRDA:30,3,1,2
BRDA:46,4,0,2
BRDA:46,4,1,1
BRDA:46,5,0,3
BRDA:46,5,1,2
BRDA:62,6,0,1
BRDA:62,6,1,1
BRDA:77,7,0,1
BRDA:77,7,1,1
BRF:17
BRH:17
end_of_record
TN:
SF:middleware\auth.middleware.js
FN:20,(anonymous_0)
FN:55,(anonymous_1)
FN:97,(anonymous_2)
FNF:3
FNH:3
FNDA:6,(anonymous_0)
FNDA:4,(anonymous_1)
FNDA:4,(anonymous_2)
DA:9,1
DA:10,1
DA:11,1
DA:12,1
DA:14,1
DA:20,1
DA:21,6
DA:22,6
DA:24,6
DA:25,2
DA:30,4
DA:31,4
DA:33,2
DA:34,2
DA:35,1
DA:38,1
DA:39,1
DA:41,2
DA:42,1
DA:44,1
DA:45,1
DA:47,0
DA:55,1
DA:57,4
DA:58,4
DA:60,4
DA:61,1
DA:65,3
DA:66,3
DA:68,3
DA:69,1
DA:74,2
DA:75,2
DA:77,2
DA:78,2
DA:79,1
DA:84,1
DA:85,1
DA:87,0
DA:88,0
DA:90,0
DA:97,1
DA:98,4
DA:99,4
DA:101,4
DA:102,1
DA:105,3
DA:107,3
DA:108,1
DA:111,2
DA:112,1
DA:117,1
DA:118,1
DA:120,0
DA:121,0
DA:123,0
DA:127,1
LF:57
LH:50
BRDA:14,0,0,1
BRDA:14,0,1,0
BRDA:24,1,0,2
BRDA:24,1,1,4
BRDA:24,2,0,6
BRDA:24,2,1,5
BRDA:34,3,0,1
BRDA:34,3,1,1
BRDA:41,4,0,1
BRDA:41,4,1,1
BRDA:44,5,0,1
BRDA:44,5,1,0
BRDA:60,6,0,1
BRDA:60,6,1,3
BRDA:60,7,0,4
BRDA:60,7,1,4
BRDA:68,8,0,1
BRDA:68,8,1,2
BRDA:68,9,0,3
BRDA:68,9,1,2
BRDA:78,10,0,1
BRDA:78,10,1,1
BRDA:78,11,0,2
BRDA:78,11,1,2
BRDA:87,12,0,0
BRDA:87,12,1,0
BRDA:87,13,0,0
BRDA:87,13,1,0
BRDA:101,14,0,1
BRDA:101,14,1,3
BRDA:107,15,0,1
BRDA:107,15,1,2
BRDA:111,16,0,1
BRDA:111,16,1,1
BRDA:120,17,0,0
BRDA:120,17,1,0
BRF:36
BRH:28
end_of_record
TN:
SF:middleware\errorHandler.js
FN:10,(anonymous_0)
FN:44,(anonymous_1)
FNF:2
FNH:2
FNDA:9,(anonymous_0)
FNDA:1,(anonymous_1)
DA:10,1
DA:12,9
DA:15,9
DA:16,9
DA:25,9
DA:26,8
DA:27,8
DA:28,1
DA:31,1
DA:35,9
DA:36,1
DA:43,8
DA:44,1
DA:48,1
DA:55,7
DA:56,1
DA:57,1
DA:65,6
DA:66,1
DA:69,5
DA:70,1
DA:74,4
DA:75,1
DA:82,3
DA:84,3
DA:91,1
LF:26
LH:26
BRDA:12,0,0,9
BRDA:12,0,1,8
BRDA:12,0,2,8
BRDA:25,1,0,8
BRDA:25,1,1,1
BRDA:27,2,0,1
BRDA:27,2,1,7
BRDA:35,3,0,1
BRDA:35,3,1,8
BRDA:43,4,0,1
BRDA:43,4,1,7
BRDA:55,5,0,1
BRDA:55,5,1,6
BRDA:56,6,0,1
BRDA:56,6,1,0
BRDA:56,7,0,1
BRDA:56,7,1,0
BRDA:65,8,0,1
BRDA:65,8,1,5
BRDA:69,9,0,1
BRDA:69,9,1,4
BRDA:74,10,0,1
BRDA:74,10,1,3
BRDA:85,11,0,3
BRDA:85,11,1,0
BRDA:86,12,0,3
BRDA:86,12,1,3
BRDA:87,13,0,3
BRDA:87,13,1,1
BRF:29
BRH:26
end_of_record
TN:
SF:models\ballot.model.js
FNF:0
FNH:0
DA:1,4
DA:3,4
DA:10,4
DA:12,4
LF:4
LH:4
BRF:0
BRH:0
end_of_record
TN:
SF:models\candidate.model.js
FNF:0
FNH:0
DA:1,4
DA:3,4
DA:10,4
LF:3
LH:3
BRF:0
BRH:0
end_of_record
TN:
SF:models\poll.model.js
FNF:0
FNH:0
DA:1,5
DA:3,5
DA:12,5
LF:3
LH:3
BRF:0
BRH:0
end_of_record
TN:
SF:models\user.model.js
FN:17,(anonymous_0)
FN:22,(anonymous_1)
FNF:2
FNH:2
FNDA:2,(anonymous_0)
FNDA:2,(anonymous_1)
DA:1,3
DA:2,3
DA:4,3
DA:17,3
DA:18,2
DA:19,1
DA:22,3
DA:23,2
DA:26,3
LF:9
LH:9
BRDA:18,0,0,1
BRDA:18,0,1,1
BRF:2
BRH:2
end_of_record
TN:
SF:models\voter.model.js
FN:14,(anonymous_0)
FN:19,(anonymous_1)
FNF:2
FNH:0
FNDA:0,(anonymous_0)
FNDA:0,(anonymous_1)
DA:1,4
DA:2,4
DA:4,4
DA:14,4
DA:15,0
DA:16,0
DA:19,4
DA:20,0
DA:21,0
DA:24,4
LF:10
LH:6
BRDA:15,0,0,0
BRDA:15,0,1,0
BRDA:15,1,0,0
BRDA:15,1,1,0
BRDA:20,2,0,0
BRDA:20,2,1,0
BRF:6
BRH:0
end_of_record
